log started: Fri Feb 13 22:54:00 2026

Log file: ./leap.log
>> #
>> # ----- leaprc for loading the ff14SB force field
>> # ----- NOTE: this is designed for PDB format 3!
>> #    Uses frcmod.ff14SB for proteins; ff99bsc0 for DNA; ff99bsc0_chiOL3 for RNA
>> #
>> #	load atom type hybridizations
>> #
>> addAtomTypes {
>> 	{ "H"   "H" "sp3" }
>> 	{ "HO"  "H" "sp3" }
>> 	{ "HS"  "H" "sp3" }
>> 	{ "H1"  "H" "sp3" }
>> 	{ "H2"  "H" "sp3" }
>> 	{ "H3"  "H" "sp3" }
>> 	{ "H4"  "H" "sp3" }
>> 	{ "H5"  "H" "sp3" }
>> 	{ "HW"  "H" "sp3" }
>> 	{ "HC"  "H" "sp3" }
>> 	{ "HA"  "H" "sp3" }
>> 	{ "HP"  "H" "sp3" }
>> 	{ "HZ"  "H" "sp3" }
>> 	{ "OH"  "O" "sp3" }
>> 	{ "OS"  "O" "sp3" }
>> 	{ "O"   "O" "sp2" }
>> 	{ "O2"  "O" "sp2" }
>> 	{ "OP"  "O" "sp2" }
>> 	{ "OW"  "O" "sp3" }
>> 	{ "CT"  "C" "sp3" }
>> 	{ "CX"  "C" "sp3" }
>> 	{ "C8"  "C" "sp3" }
>> 	{ "2C"  "C" "sp3" }
>> 	{ "3C"  "C" "sp3" }
>> 	{ "CH"  "C" "sp3" }
>> 	{ "CS"  "C" "sp2" }
>> 	{ "C"   "C" "sp2" }
>> 	{ "CO"   "C" "sp2" }
>> 	{ "C*"  "C" "sp2" }
>> 	{ "CA"  "C" "sp2" }
>> 	{ "CB"  "C" "sp2" }
>> 	{ "CC"  "C" "sp2" }
>> 	{ "CN"  "C" "sp2" }
>> 	{ "CM"  "C" "sp2" }
>> 	{ "CK"  "C" "sp2" }
>> 	{ "CQ"  "C" "sp2" }
>> 	{ "CD"  "C" "sp2" }
>> 	{ "C5"  "C" "sp2" }
>> 	{ "C4"  "C" "sp2" }
>> 	{ "CP"  "C" "sp2" }
>> 	{ "CI"  "C" "sp3" }
>> 	{ "CJ"  "C" "sp2" }
>> 	{ "CW"  "C" "sp2" }
>> 	{ "CV"  "C" "sp2" }
>> 	{ "CR"  "C" "sp2" }
>> 	{ "CA"  "C" "sp2" }
>> 	{ "CY"  "C" "sp2" }
>> 	{ "C0"  "Ca" "sp3" }
>> 	{ "MG"  "Mg" "sp3" }
>> 	{ "N"   "N" "sp2" }
>> 	{ "NA"  "N" "sp2" }
>> 	{ "N2"  "N" "sp2" }
>> 	{ "N*"  "N" "sp2" }
>> 	{ "NP"  "N" "sp2" }
>> 	{ "NQ"  "N" "sp2" }
>> 	{ "NB"  "N" "sp2" }
>> 	{ "NC"  "N" "sp2" }
>> 	{ "NT"  "N" "sp3" }
>> 	{ "NY"  "N" "sp2" }
>> 	{ "N3"  "N" "sp3" }
>> 	{ "S"   "S" "sp3" }
>> 	{ "SH"  "S" "sp3" }
>> 	{ "P"   "P" "sp3" }
>> 	{ "LP"  ""  "sp3" }
>> 	{ "EP"  ""  "sp3" }
>> 	{ "F"   "F" "sp3" }
>> 	{ "Cl"  "Cl" "sp3" }
>> 	{ "Br"  "Br" "sp3" }
>> 	{ "I"   "I"  "sp3" }
>> 	{ "F-"   "F" "sp3" }
>> 	{ "Cl-"  "Cl" "sp3" }
>> 	{ "Br-"  "Br" "sp3" }
>> 	{ "I-"   "I"  "sp3" }
>> 	{ "Li+"  "Li"  "sp3" }
>> 	{ "Na+"  "Na"  "sp3" }
>> 	{ "K+"  "K"  "sp3" }
>> 	{ "Rb+"  "Rb"  "sp3" }
>> 	{ "Cs+"  "Cs"  "sp3" }
>> 	{ "Mg+"  "Mg"  "sp3" }
>> # glycam
>> 	{ "OG"  "O" "sp3" }
>> 	{ "OL"  "O" "sp3" }
>> 	{ "AC"  "C" "sp3" }
>> 	{ "EC"  "C" "sp3" }
>> }
>> #
>> #	Load the main parameter set.
>> #
>> parm10 = loadamberparams parm10.dat
Loading parameters: /Users/qiangzhu/Documents/amber24_install/dat/leap/parm/parm10.dat
Reading title:
PARM99 + frcmod.ff99SB + frcmod.parmbsc0 + OL3 for RNA
>> frcmod14SB = loadamberparams frcmod.ff14SB
Loading parameters: /Users/qiangzhu/Documents/amber24_install/dat/leap/parm/frcmod.ff14SB
Reading force field modification type file (frcmod)
Reading title:
ff14SB protein backbone and sidechain parameters
>> #
>> #	Load main chain and terminating amino acid libraries, nucleic acids
>> #
>> loadOff amino12.lib
Loading library: /Users/qiangzhu/Documents/amber24_install/dat/leap/lib/amino12.lib
Loading: ALA
Loading: ARG
Loading: ASH
Loading: ASN
Loading: ASP
Loading: CYM
Loading: CYS
Loading: CYX
Loading: GLH
Loading: GLN
Loading: GLU
Loading: GLY
Loading: HID
Loading: HIE
Loading: HIP
Loading: HYP
Loading: ILE
Loading: LEU
Loading: LYN
Loading: LYS
Loading: MET
Loading: PHE
Loading: PRO
Loading: SER
Loading: THR
Loading: TRP
Loading: TYR
Loading: VAL
>> loadOff aminoct12.lib
Loading library: /Users/qiangzhu/Documents/amber24_install/dat/leap/lib/aminoct12.lib
Loading: CALA
Loading: CARG
Loading: CASN
Loading: CASP
Loading: CCYS
Loading: CCYX
Loading: CGLN
Loading: CGLU
Loading: CGLY
Loading: CHID
Loading: CHIE
Loading: CHIP
Loading: CHYP
Loading: CILE
Loading: CLEU
Loading: CLYS
Loading: CMET
Loading: CPHE
Loading: CPRO
Loading: CSER
Loading: CTHR
Loading: CTRP
Loading: CTYR
Loading: CVAL
Loading: NHE
Loading: NME
>> loadOff aminont12.lib
Loading library: /Users/qiangzhu/Documents/amber24_install/dat/leap/lib/aminont12.lib
Loading: ACE
Loading: NALA
Loading: NARG
Loading: NASN
Loading: NASP
Loading: NCYS
Loading: NCYX
Loading: NGLN
Loading: NGLU
Loading: NGLY
Loading: NHID
Loading: NHIE
Loading: NHIP
Loading: NILE
Loading: NLEU
Loading: NLYS
Loading: NMET
Loading: NPHE
Loading: NPRO
Loading: NSER
Loading: NTHR
Loading: NTRP
Loading: NTYR
Loading: NVAL
>> loadOff nucleic12.lib
Loading library: /Users/qiangzhu/Documents/amber24_install/dat/leap/lib/nucleic12.lib
Loading: A
Loading: A3
Loading: A5
Loading: AN
Loading: C
Loading: C3
Loading: C5
Loading: CN
Loading: DA
Loading: DA3
Loading: DA5
Loading: DAN
Loading: DC
Loading: DC3
Loading: DC5
Loading: DCN
Loading: DG
Loading: DG3
Loading: DG5
Loading: DGN
Loading: DT
Loading: DT3
Loading: DT5
Loading: DTN
Loading: G
Loading: G3
Loading: G5
Loading: GN
Loading: OHE
Loading: U
Loading: U3
Loading: U5
Loading: UN
>> #
>> #       Load water and ions
>> # 
>> loadOff atomic_ions.lib
Loading library: /Users/qiangzhu/Documents/amber24_install/dat/leap/lib/atomic_ions.lib
Loading: AG
Loading: AL
Loading: Ag
Loading: BA
Loading: BR
Loading: Be
Loading: CA
Loading: CD
Loading: CE
Loading: CL
Loading: CO
Loading: CR
Loading: CS
Loading: CU
Loading: CU1
Loading: Ce
Loading: Cl-
Loading: Cr
Loading: Dy
Loading: EU
Loading: EU3
Loading: Er
Loading: F
Loading: FE
Loading: FE2
Loading: GD3
Loading: H3O+
Loading: HE+
Loading: HG
Loading: HZ+
Loading: Hf
Loading: IN
Loading: IOD
Loading: K
Loading: K+
Loading: LA
Loading: LI
Loading: LU
Loading: MG
Loading: MN
Loading: NA
Loading: NH4
Loading: NI
Loading: Na+
Loading: Nd
Loading: PB
Loading: PD
Loading: PR
Loading: PT
Loading: Pu
Loading: RB
Loading: Ra
Loading: SM
Loading: SR
Loading: Sm
Loading: Sn
Loading: TB
Loading: TL
Loading: Th
Loading: Tl
Loading: Tm
Loading: U4+
Loading: V2+
Loading: Y
Loading: YB2
Loading: ZN
Loading: Zr
>> loadOff solvents.lib
Loading library: /Users/qiangzhu/Documents/amber24_install/dat/leap/lib/solvents.lib
Loading: CHCL3BOX
Loading: DC4
Loading: FB3
Loading: FB3BOX
Loading: FB4
Loading: FB4BOX
Loading: MEOHBOX
Loading: NMABOX
Loading: O3P
Loading: OP3
Loading: OPC
Loading: OPC3BOX
Loading: OPC3POLBOX
Loading: OPCBOX
Loading: PL3
Loading: POL3BOX
Loading: QSPCFWBOX
Loading: SPC
Loading: SPCBOX
Loading: SPCFWBOX
Loading: SPF
Loading: SPG
Loading: T4E
Loading: TIP3PBOX
Loading: TIP3PFBOX
Loading: TIP4PBOX
Loading: TIP4PEWBOX
Loading: TIP5PBOX
Loading: TP3
Loading: TP4
Loading: TP5
Loading: TPF
>> HOH = TP3
>> WAT = TP3
>> 
>> #
>> #	Define the PDB name map for the amino acids and nucleic acids
>> #
>> addPdbResMap {
>>   { 0 "HYP" "NHYP" } { 1 "HYP" "CHYP" }
>>   { 0 "ALA" "NALA" } { 1 "ALA" "CALA" }
>>   { 0 "ARG" "NARG" } { 1 "ARG" "CARG" }
>>   { 0 "ASN" "NASN" } { 1 "ASN" "CASN" }
>>   { 0 "ASP" "NASP" } { 1 "ASP" "CASP" }
>>   { 0 "CYS" "NCYS" } { 1 "CYS" "CCYS" }
>>   { 0 "CYX" "NCYX" } { 1 "CYX" "CCYX" }
>>   { 0 "GLN" "NGLN" } { 1 "GLN" "CGLN" }
>>   { 0 "GLU" "NGLU" } { 1 "GLU" "CGLU" }
>>   { 0 "GLY" "NGLY" } { 1 "GLY" "CGLY" }
>>   { 0 "HID" "NHID" } { 1 "HID" "CHID" }
>>   { 0 "HIE" "NHIE" } { 1 "HIE" "CHIE" }
>>   { 0 "HIP" "NHIP" } { 1 "HIP" "CHIP" }
>>   { 0 "ILE" "NILE" } { 1 "ILE" "CILE" }
>>   { 0 "LEU" "NLEU" } { 1 "LEU" "CLEU" }
>>   { 0 "LYS" "NLYS" } { 1 "LYS" "CLYS" }
>>   { 0 "MET" "NMET" } { 1 "MET" "CMET" }
>>   { 0 "PHE" "NPHE" } { 1 "PHE" "CPHE" }
>>   { 0 "PRO" "NPRO" } { 1 "PRO" "CPRO" }
>>   { 0 "SER" "NSER" } { 1 "SER" "CSER" }
>>   { 0 "THR" "NTHR" } { 1 "THR" "CTHR" }
>>   { 0 "TRP" "NTRP" } { 1 "TRP" "CTRP" }
>>   { 0 "TYR" "NTYR" } { 1 "TYR" "CTYR" }
>>   { 0 "VAL" "NVAL" } { 1 "VAL" "CVAL" }
>>   { 0 "HIS" "NHIS" } { 1 "HIS" "CHIS" }
>>   { 0 "G" "G5"  } { 1 "G" "G3"  } 
>>   { 0 "A" "A5"  } { 1 "A" "A3"  } 
>>   { 0 "C" "C5"  } { 1 "C" "C3"  } 
>>   { 0 "U" "U5"  } { 1 "U" "U3"  } 
>>   { 0 "DG" "DG5"  } { 1 "DG" "DG3"  }  
>>   { 0 "DA" "DA5"  } { 1 "DA" "DA3"  }  
>>   { 0 "DC" "DC5"  } { 1 "DC" "DC3"  }  
>>   { 0 "DT" "DT5"  } { 1 "DT" "DT3"  }  
>> #  some old Amber residue names for RNA:
>>   { 0  "RA5" "A5" } { 1 "RA3" "A3"} {"RA" "A" }
>>   { 0  "RC5" "C5" } { 1 "RC3" "C3"} {"RC" "C" }
>>   { 0  "RG5" "G5" } { 1 "RG3" "G3"} {"RG" "G" }
>>   { 0  "RU5" "U5" } { 1 "RU3" "U3"} {"RU" "U" }
>> #  some really old Amber residue names, assuming DNA:
>>   { 0 "GUA" "DG5"  } { 1 "GUA" "DG3"  } { "GUA" "DG" }
>>   { 0 "ADE" "DA5"  } { 1 "ADE" "DA3"  } { "ADE" "DA" }
>>   { 0 "CYT" "DC5"  } { 1 "CYT" "DC3"  } { "CYT" "DC" }
>>   { 0 "THY" "DT5"  } { 1 "THY" "DT3"  } { "THY" "DT" }
>> #  uncomment out the following if you have this old style RNA files:
>> # { 0 "GUA" "G5"  } { 1 "GUA" "G3"  } { "GUA" "G" }
>> # { 0 "ADE" "A5"  } { 1 "ADE" "A3"  } { "ADE" "A" }
>> # { 0 "CYT" "C5"  } { 1 "CYT" "C3"  } { "CYT" "C" }
>> # { 0 "URA" "R5"  } { 1 "URA" "R3"  } { "URA" "R" }
>> 
>> }
>> 
>> #  try to be good about reading in really old atom names as well:
>> addPdbAtomMap {
>>   { "O5*" "O5'" }
>>   { "C5*" "C5'" }
>>   { "C4*" "C4'" }
>>   { "O4*" "O4'" }
>>   { "C3*" "C3'" }
>>   { "O3*" "O3'" }
>>   { "C2*" "C2'" }
>>   { "O2*" "O2'" }
>>   { "C1*" "C1'" }
>>   { "C5M" "C7"  }
>>   { "H1*" "H1'" }
>>   { "H2*1" "H2'" }
>>   { "H2*2" "H2''" }
>>   { "H2'1" "H2'" }
>>   { "H2'2" "H2''" }
>>   { "H3*" "H3'" }
>>   { "H4*" "H4'" }
>>   { "H5*1" "H5'" }
>>   { "H5*2" "H5''" }
>>   { "H5'1" "H5'" }
>>   { "H5'2" "H5''" }
>>   { "HO'2" "HO2'" }
>>   { "H5T"  "HO5'" }
>>   { "H3T"  "HO3'" }
>>   { "O1'" "O4'" }
>>   { "OA"  "OP1" }
>>   { "OB"  "OP2" }
>>   { "O1P" "OP1" }
>>   { "O2P" "OP2" }
>> }
>> 
>> #
>> # assume that most often proteins use HIE
>> #
>> NHIS = NHIE
>> HIS = HIE
>> CHIS = CHIE
>> 
> 
> 
> addAtomTypes {
>     { "C7"  "C" "sp3" }
>     { "CJ"  "C" "sp3" }
>         { "C1"  "C" "sp2" }
>         { "C2"  "C" "sp2" }
> }
> 
> loadoff ff-DNA-OL24/ff-nucleic-OL24.lib
Loading library: ./ff-DNA-OL24/ff-nucleic-OL24.lib
Loading: DA
Loading: DA3
Loading: DA5
Loading: DAN
Loading: DC
Loading: DC3
Loading: DC5
Loading: DCN
Loading: DG
Loading: DG3
Loading: DG5
Loading: DGN
Loading: DT
Loading: DT3
Loading: DT5
Loading: DTN
> loadamberparams ff-DNA-OL24/ff-nucleic-OL24.frcmod
Loading parameters: ./ff-DNA-OL24/ff-nucleic-OL24.frcmod
Reading force field modification type file (frcmod)
Reading title:
OL24 parameters for DNA, see http://ffol.upol.cz
> 
> # for capping 5'-term of DNA with PO3H
> #loadoff terminal_monophosphate.lib
> 
> source leaprc.water.spce
----- Source: /Users/qiangzhu/Documents/amber24_install/dat/leap/cmd/leaprc.water.spce
----- Source of /Users/qiangzhu/Documents/amber24_install/dat/leap/cmd/leaprc.water.spce done
>> #
>> #       Load water and ions for SPC/E + Joung-Chetham monovalent ions
>> #       + Li/Merz highly charged ions (+2 to +4, 12-6 normal usage set)
>> #
>> addAtomTypes {
>> 	{ "F-"   "F" "sp3" }
>> 	{ "Cl-"  "Cl" "sp3" }
>> 	{ "Br-"  "Br" "sp3" }
>> 	{ "I-"   "I"  "sp3" }
>> 	{ "Li+"  "Li"  "sp3" }
>> 	{ "Na+"  "Na"  "sp3" }
>> 	{ "K+"  "K"  "sp3" }
>> 	{ "Rb+"  "Rb"  "sp3" }
>> 	{ "Cs+"  "Cs"  "sp3" }
>> 	{ "Mg+"  "Mg"  "sp3" }
>>     { "Tl+"  "Tl"  "sp3" }
>>     { "Cu+"  "Cu"  "sp3" }
>>     { "Ag+"  "Ag"  "sp3" }
>>     { "Be2+" "Be"  "sp3" }
>>     { "Cu2+" "Cu"  "sp3" }
>>     { "Ni2+" "Ni"  "sp3" }
>>     { "Pt2+" "Pt"  "sp3" }
>>     { "Zn2+" "Zn"  "sp3" }
>>     { "Co2+" "Co"  "sp3" }
>>     { "Pd2+" "Pd"  "sp3" }
>>     { "Ag2+" "Ag"  "sp3" }
>>     { "Cr2+" "Cr"  "sp3" }
>>     { "Fe2+" "Fe"  "sp3" }
>>     { "Mg2+" "Mg"  "sp3" }
>>     { "V2+"  "V"   "sp3" }
>>     { "Mn2+" "Mn"  "sp3" }
>>     { "Hg2+" "Hg"  "sp3" }
>>     { "Cd2+" "Cd"  "sp3" }
>>     { "Yb2+" "Yb"  "sp3" }
>>     { "Ca2+" "Ca"  "sp3" }
>>     { "Sn2+" "Sn"  "sp3" }
>>     { "Pb2+" "Pb"  "sp3" }
>>     { "Eu2+" "Eu"  "sp3" }
>>     { "Sr2+" "Sr"  "sp3" }
>>     { "Sm2+" "Sm"  "sp3" }
>>     { "Ba2+" "Ba"  "sp3" }
>>     { "Ra2+" "Ra"  "sp3" }
>>     { "Al3+" "Al"  "sp3" }
>>     { "Fe3+" "Fe"  "sp3" }
>>     { "Cr3+" "Cr"  "sp3" }
>>     { "In3+" "In"  "sp3" }
>>     { "Tl3+" "Tl"  "sp3" }
>>     { "Y3+"  "Y"   "sp3" }
>>     { "La3+" "La"  "sp3" }
>>     { "Ce3+" "Ce"  "sp3" }
>>     { "Pr3+" "Pr"  "sp3" }
>>     { "Nd3+" "Nd"  "sp3" }
>>     { "Sm3+" "Sm"  "sp3" }
>>     { "Eu3+" "Eu"  "sp3" }
>>     { "Gd3+" "Gd"  "sp3" }
>>     { "Tb3+" "Tb"  "sp3" }
>>     { "Dy3+" "Dy"  "sp3" }
>>     { "Er3+" "Er"  "sp3" }
>>     { "Tm3+" "Tm"  "sp3" }
>>     { "Lu3+" "Lu"  "sp3" }
>>     { "Hf4+" "Hf"  "sp3" }
>>     { "Zr4+" "Zr"  "sp3" }
>>     { "Ce4+" "Ce"  "sp3" }
>>     { "U4+"  "U"   "sp3" }
>>     { "Pu4+" "Pu"  "sp3" }
>>     { "Th4+" "Th"  "sp3" }
>>     { "OW"   "O"   "sp3" }
>>     { "HW"   "H"   "sp3" }
>> }
>> loadOff atomic_ions.lib
Loading library: /Users/qiangzhu/Documents/amber24_install/dat/leap/lib/atomic_ions.lib
Loading: AG
Loading: AL
Loading: Ag
Loading: BA
Loading: BR
Loading: Be
Loading: CA
Loading: CD
Loading: CE
Loading: CL
Loading: CO
Loading: CR
Loading: CS
Loading: CU
Loading: CU1
Loading: Ce
Loading: Cl-
Loading: Cr
Loading: Dy
Loading: EU
Loading: EU3
Loading: Er
Loading: F
Loading: FE
Loading: FE2
Loading: GD3
Loading: H3O+
Loading: HE+
Loading: HG
Loading: HZ+
Loading: Hf
Loading: IN
Loading: IOD
Loading: K
Loading: K+
Loading: LA
Loading: LI
Loading: LU
Loading: MG
Loading: MN
Loading: NA
Loading: NH4
Loading: NI
Loading: Na+
Loading: Nd
Loading: PB
Loading: PD
Loading: PR
Loading: PT
Loading: Pu
Loading: RB
Loading: Ra
Loading: SM
Loading: SR
Loading: Sm
Loading: Sn
Loading: TB
Loading: TL
Loading: Th
Loading: Tl
Loading: Tm
Loading: U4+
Loading: V2+
Loading: Y
Loading: YB2
Loading: ZN
Loading: Zr
>> loadOff solvents.lib
Loading library: /Users/qiangzhu/Documents/amber24_install/dat/leap/lib/solvents.lib
Loading: CHCL3BOX
Loading: DC4
Loading: FB3
Loading: FB3BOX
Loading: FB4
Loading: FB4BOX
Loading: MEOHBOX
Loading: NMABOX
Loading: O3P
Loading: OP3
Loading: OPC
Loading: OPC3BOX
Loading: OPC3POLBOX
Loading: OPCBOX
Loading: PL3
Loading: POL3BOX
Loading: QSPCFWBOX
Loading: SPC
Loading: SPCBOX
Loading: SPCFWBOX
Loading: SPF
Loading: SPG
Loading: T4E
Loading: TIP3PBOX
Loading: TIP3PFBOX
Loading: TIP4PBOX
Loading: TIP4PEWBOX
Loading: TIP5PBOX
Loading: TP3
Loading: TP4
Loading: TP5
Loading: TPF
>> HOH = SPC
>> WAT = SPC
>> loadAmberParams frcmod.spce
Loading parameters: /Users/qiangzhu/Documents/amber24_install/dat/leap/parm/frcmod.spce
Reading force field modification type file (frcmod)
Reading title:
This is the additional/replacement parameter set for SPC/E water
>> loadAmberParams frcmod.ionsjc_spce
Loading parameters: /Users/qiangzhu/Documents/amber24_install/dat/leap/parm/frcmod.ionsjc_spce
Reading force field modification type file (frcmod)
Reading title:
Monovalent ion parameters for Ewald and SPC/E water from Joung & Cheatham JPCB (2008)
>> loadAmberParams frcmod.ions234lm_126_spce
Loading parameters: /Users/qiangzhu/Documents/amber24_install/dat/leap/parm/frcmod.ions234lm_126_spce
Reading force field modification type file (frcmod)
Reading title:
Li/Merz ion parameters of divalent to tetravalent ions for SPC/E water model (12-6 normal usage set)
>> 
> 
> 
> loadamberprep dGTP/dGTP.prep
Loading Prep file: ./dGTP/dGTP.prep
(UNKNOWN ATOM TYPE: O3)
(UNKNOWN ATOM TYPE: O3)
(UNKNOWN ATOM TYPE: O3)
Loaded UNIT: dgt
> loadamberparams dGTP/frcmod.phos
Loading parameters: ./dGTP/frcmod.phos
Reading force field modification type file (frcmod)
Reading title:
#  Modifications to the AMBER94 force field for polyphosphates
(UNKNOWN ATOM TYPE: O3)
> 
> total = loadpdb J117_initial.amber.pdb
Loading PDB file: ./J117_initial.amber.pdb
Matching PDB residue names to LEaP variables.
Mapped residue MET, term: Terminal/beginning, seq. number: 0 to: NMET.
Mapped residue LEU, term: Terminal/last, seq. number: 365 to: CLEU.
Mapped residue MET, term: Terminal/beginning, seq. number: 366 to: NMET.
Mapped residue LEU, term: Terminal/last, seq. number: 731 to: CLEU.
Mapped residue MET, term: Terminal/beginning, seq. number: 732 to: NMET.
Mapped residue ALA, term: Terminal/last, seq. number: 974 to: CALA.
Mapped residue MET, term: Terminal/beginning, seq. number: 975 to: NMET.
Mapped residue LYS, term: Terminal/last, seq. number: 1050 to: CLYS.
Mapped residue MET, term: Terminal/beginning, seq. number: 1051 to: NMET.
Mapped residue TYR, term: Terminal/last, seq. number: 2130 to: CTYR.
Mapped residue DC, term: Terminal/beginning, seq. number: 2132 to: DC5.
Mapped residue DC, term: Terminal/last, seq. number: 2160 to: DC3.
Mapped residue DT, term: Terminal/beginning, seq. number: 2161 to: DT5.
Mapped residue DG, term: Terminal/last, seq. number: 2199 to: DG3.
  Added missing heavy atom: .R<CTYR 2131>.A<OXT 22>
  total atoms in file: 18107
  Leap added 17500 missing atoms according to residue templates:
       1 Heavy
       17499 H / lone pairs
> 
> #solvatebox total SPCBOX 14.0
> #addIons total MG 2
> #addIons total NA 337
> #addIons total CL 221
> 
> saveamberparm total J117_total.prmtop J117_total.inpcrd
Checking Unit.

/Users/qiangzhu/Documents/amber24_install/bin/teLeap: Warning!
The unperturbed charge of the unit (-132.000000) is not zero.

/Users/qiangzhu/Documents/amber24_install/bin/teLeap: Note.
Ignoring the warning from Unit Checking.

Building topology.
Building atom parameters.
Building bond parameters.
Building angle parameters.
Building proper torsion parameters.
Building improper torsion parameters.
old PREP-specified impropers:
 <dgt 2202>:  C8   C4   N9   C1' 
 <dgt 2202>:  C5   N1   C6   O6  
 <dgt 2202>:  C6   C2   N1   H1  
 <dgt 2202>:  C2   H21  N2   H22 
 <dgt 2202>:  N7   N9   C8   H8  
 <dgt 2202>:  N1   N3   C2   N2  
 total 7309 improper torsions applied
 6 improper torsions in old prep form
Building H-Bond parameters.
Incorporating Non-Bonded adjustments.
Not Marking per-residue atom chain types.
Marking per-residue atom chain types.
  (Residues lacking connect0/connect1 - 
   these don't have chain types marked:

	res	total affected

	CALA	1
	CLEU	2
	CLYS	1
	CTYR	1
	NMET	5
  )
 (no restraints)
> 
> quit
	Quit

Exiting LEaP: Errors = 0; Warnings = 1; Notes = 1.
log started: Fri Feb 13 22:54:52 2026

Log file: ./leap.log
>> #
>> # ----- leaprc for loading the ff14SB force field
>> # ----- NOTE: this is designed for PDB format 3!
>> #    Uses frcmod.ff14SB for proteins; ff99bsc0 for DNA; ff99bsc0_chiOL3 for RNA
>> #
>> #	load atom type hybridizations
>> #
>> addAtomTypes {
>> 	{ "H"   "H" "sp3" }
>> 	{ "HO"  "H" "sp3" }
>> 	{ "HS"  "H" "sp3" }
>> 	{ "H1"  "H" "sp3" }
>> 	{ "H2"  "H" "sp3" }
>> 	{ "H3"  "H" "sp3" }
>> 	{ "H4"  "H" "sp3" }
>> 	{ "H5"  "H" "sp3" }
>> 	{ "HW"  "H" "sp3" }
>> 	{ "HC"  "H" "sp3" }
>> 	{ "HA"  "H" "sp3" }
>> 	{ "HP"  "H" "sp3" }
>> 	{ "HZ"  "H" "sp3" }
>> 	{ "OH"  "O" "sp3" }
>> 	{ "OS"  "O" "sp3" }
>> 	{ "O"   "O" "sp2" }
>> 	{ "O2"  "O" "sp2" }
>> 	{ "OP"  "O" "sp2" }
>> 	{ "OW"  "O" "sp3" }
>> 	{ "CT"  "C" "sp3" }
>> 	{ "CX"  "C" "sp3" }
>> 	{ "C8"  "C" "sp3" }
>> 	{ "2C"  "C" "sp3" }
>> 	{ "3C"  "C" "sp3" }
>> 	{ "CH"  "C" "sp3" }
>> 	{ "CS"  "C" "sp2" }
>> 	{ "C"   "C" "sp2" }
>> 	{ "CO"   "C" "sp2" }
>> 	{ "C*"  "C" "sp2" }
>> 	{ "CA"  "C" "sp2" }
>> 	{ "CB"  "C" "sp2" }
>> 	{ "CC"  "C" "sp2" }
>> 	{ "CN"  "C" "sp2" }
>> 	{ "CM"  "C" "sp2" }
>> 	{ "CK"  "C" "sp2" }
>> 	{ "CQ"  "C" "sp2" }
>> 	{ "CD"  "C" "sp2" }
>> 	{ "C5"  "C" "sp2" }
>> 	{ "C4"  "C" "sp2" }
>> 	{ "CP"  "C" "sp2" }
>> 	{ "CI"  "C" "sp3" }
>> 	{ "CJ"  "C" "sp2" }
>> 	{ "CW"  "C" "sp2" }
>> 	{ "CV"  "C" "sp2" }
>> 	{ "CR"  "C" "sp2" }
>> 	{ "CA"  "C" "sp2" }
>> 	{ "CY"  "C" "sp2" }
>> 	{ "C0"  "Ca" "sp3" }
>> 	{ "MG"  "Mg" "sp3" }
>> 	{ "N"   "N" "sp2" }
>> 	{ "NA"  "N" "sp2" }
>> 	{ "N2"  "N" "sp2" }
>> 	{ "N*"  "N" "sp2" }
>> 	{ "NP"  "N" "sp2" }
>> 	{ "NQ"  "N" "sp2" }
>> 	{ "NB"  "N" "sp2" }
>> 	{ "NC"  "N" "sp2" }
>> 	{ "NT"  "N" "sp3" }
>> 	{ "NY"  "N" "sp2" }
>> 	{ "N3"  "N" "sp3" }
>> 	{ "S"   "S" "sp3" }
>> 	{ "SH"  "S" "sp3" }
>> 	{ "P"   "P" "sp3" }
>> 	{ "LP"  ""  "sp3" }
>> 	{ "EP"  ""  "sp3" }
>> 	{ "F"   "F" "sp3" }
>> 	{ "Cl"  "Cl" "sp3" }
>> 	{ "Br"  "Br" "sp3" }
>> 	{ "I"   "I"  "sp3" }
>> 	{ "F-"   "F" "sp3" }
>> 	{ "Cl-"  "Cl" "sp3" }
>> 	{ "Br-"  "Br" "sp3" }
>> 	{ "I-"   "I"  "sp3" }
>> 	{ "Li+"  "Li"  "sp3" }
>> 	{ "Na+"  "Na"  "sp3" }
>> 	{ "K+"  "K"  "sp3" }
>> 	{ "Rb+"  "Rb"  "sp3" }
>> 	{ "Cs+"  "Cs"  "sp3" }
>> 	{ "Mg+"  "Mg"  "sp3" }
>> # glycam
>> 	{ "OG"  "O" "sp3" }
>> 	{ "OL"  "O" "sp3" }
>> 	{ "AC"  "C" "sp3" }
>> 	{ "EC"  "C" "sp3" }
>> }
>> #
>> #	Load the main parameter set.
>> #
>> parm10 = loadamberparams parm10.dat
Loading parameters: /Users/qiangzhu/Documents/amber24_install/dat/leap/parm/parm10.dat
Reading title:
PARM99 + frcmod.ff99SB + frcmod.parmbsc0 + OL3 for RNA
>> frcmod14SB = loadamberparams frcmod.ff14SB
Loading parameters: /Users/qiangzhu/Documents/amber24_install/dat/leap/parm/frcmod.ff14SB
Reading force field modification type file (frcmod)
Reading title:
ff14SB protein backbone and sidechain parameters
>> #
>> #	Load main chain and terminating amino acid libraries, nucleic acids
>> #
>> loadOff amino12.lib
Loading library: /Users/qiangzhu/Documents/amber24_install/dat/leap/lib/amino12.lib
Loading: ALA
Loading: ARG
Loading: ASH
Loading: ASN
Loading: ASP
Loading: CYM
Loading: CYS
Loading: CYX
Loading: GLH
Loading: GLN
Loading: GLU
Loading: GLY
Loading: HID
Loading: HIE
Loading: HIP
Loading: HYP
Loading: ILE
Loading: LEU
Loading: LYN
Loading: LYS
Loading: MET
Loading: PHE
Loading: PRO
Loading: SER
Loading: THR
Loading: TRP
Loading: TYR
Loading: VAL
>> loadOff aminoct12.lib
Loading library: /Users/qiangzhu/Documents/amber24_install/dat/leap/lib/aminoct12.lib
Loading: CALA
Loading: CARG
Loading: CASN
Loading: CASP
Loading: CCYS
Loading: CCYX
Loading: CGLN
Loading: CGLU
Loading: CGLY
Loading: CHID
Loading: CHIE
Loading: CHIP
Loading: CHYP
Loading: CILE
Loading: CLEU
Loading: CLYS
Loading: CMET
Loading: CPHE
Loading: CPRO
Loading: CSER
Loading: CTHR
Loading: CTRP
Loading: CTYR
Loading: CVAL
Loading: NHE
Loading: NME
>> loadOff aminont12.lib
Loading library: /Users/qiangzhu/Documents/amber24_install/dat/leap/lib/aminont12.lib
Loading: ACE
Loading: NALA
Loading: NARG
Loading: NASN
Loading: NASP
Loading: NCYS
Loading: NCYX
Loading: NGLN
Loading: NGLU
Loading: NGLY
Loading: NHID
Loading: NHIE
Loading: NHIP
Loading: NILE
Loading: NLEU
Loading: NLYS
Loading: NMET
Loading: NPHE
Loading: NPRO
Loading: NSER
Loading: NTHR
Loading: NTRP
Loading: NTYR
Loading: NVAL
>> loadOff nucleic12.lib
Loading library: /Users/qiangzhu/Documents/amber24_install/dat/leap/lib/nucleic12.lib
Loading: A
Loading: A3
Loading: A5
Loading: AN
Loading: C
Loading: C3
Loading: C5
Loading: CN
Loading: DA
Loading: DA3
Loading: DA5
Loading: DAN
Loading: DC
Loading: DC3
Loading: DC5
Loading: DCN
Loading: DG
Loading: DG3
Loading: DG5
Loading: DGN
Loading: DT
Loading: DT3
Loading: DT5
Loading: DTN
Loading: G
Loading: G3
Loading: G5
Loading: GN
Loading: OHE
Loading: U
Loading: U3
Loading: U5
Loading: UN
>> #
>> #       Load water and ions
>> # 
>> loadOff atomic_ions.lib
Loading library: /Users/qiangzhu/Documents/amber24_install/dat/leap/lib/atomic_ions.lib
Loading: AG
Loading: AL
Loading: Ag
Loading: BA
Loading: BR
Loading: Be
Loading: CA
Loading: CD
Loading: CE
Loading: CL
Loading: CO
Loading: CR
Loading: CS
Loading: CU
Loading: CU1
Loading: Ce
Loading: Cl-
Loading: Cr
Loading: Dy
Loading: EU
Loading: EU3
Loading: Er
Loading: F
Loading: FE
Loading: FE2
Loading: GD3
Loading: H3O+
Loading: HE+
Loading: HG
Loading: HZ+
Loading: Hf
Loading: IN
Loading: IOD
Loading: K
Loading: K+
Loading: LA
Loading: LI
Loading: LU
Loading: MG
Loading: MN
Loading: NA
Loading: NH4
Loading: NI
Loading: Na+
Loading: Nd
Loading: PB
Loading: PD
Loading: PR
Loading: PT
Loading: Pu
Loading: RB
Loading: Ra
Loading: SM
Loading: SR
Loading: Sm
Loading: Sn
Loading: TB
Loading: TL
Loading: Th
Loading: Tl
Loading: Tm
Loading: U4+
Loading: V2+
Loading: Y
Loading: YB2
Loading: ZN
Loading: Zr
>> loadOff solvents.lib
Loading library: /Users/qiangzhu/Documents/amber24_install/dat/leap/lib/solvents.lib
Loading: CHCL3BOX
Loading: DC4
Loading: FB3
Loading: FB3BOX
Loading: FB4
Loading: FB4BOX
Loading: MEOHBOX
Loading: NMABOX
Loading: O3P
Loading: OP3
Loading: OPC
Loading: OPC3BOX
Loading: OPC3POLBOX
Loading: OPCBOX
Loading: PL3
Loading: POL3BOX
Loading: QSPCFWBOX
Loading: SPC
Loading: SPCBOX
Loading: SPCFWBOX
Loading: SPF
Loading: SPG
Loading: T4E
Loading: TIP3PBOX
Loading: TIP3PFBOX
Loading: TIP4PBOX
Loading: TIP4PEWBOX
Loading: TIP5PBOX
Loading: TP3
Loading: TP4
Loading: TP5
Loading: TPF
>> HOH = TP3
>> WAT = TP3
>> 
>> #
>> #	Define the PDB name map for the amino acids and nucleic acids
>> #
>> addPdbResMap {
>>   { 0 "HYP" "NHYP" } { 1 "HYP" "CHYP" }
>>   { 0 "ALA" "NALA" } { 1 "ALA" "CALA" }
>>   { 0 "ARG" "NARG" } { 1 "ARG" "CARG" }
>>   { 0 "ASN" "NASN" } { 1 "ASN" "CASN" }
>>   { 0 "ASP" "NASP" } { 1 "ASP" "CASP" }
>>   { 0 "CYS" "NCYS" } { 1 "CYS" "CCYS" }
>>   { 0 "CYX" "NCYX" } { 1 "CYX" "CCYX" }
>>   { 0 "GLN" "NGLN" } { 1 "GLN" "CGLN" }
>>   { 0 "GLU" "NGLU" } { 1 "GLU" "CGLU" }
>>   { 0 "GLY" "NGLY" } { 1 "GLY" "CGLY" }
>>   { 0 "HID" "NHID" } { 1 "HID" "CHID" }
>>   { 0 "HIE" "NHIE" } { 1 "HIE" "CHIE" }
>>   { 0 "HIP" "NHIP" } { 1 "HIP" "CHIP" }
>>   { 0 "ILE" "NILE" } { 1 "ILE" "CILE" }
>>   { 0 "LEU" "NLEU" } { 1 "LEU" "CLEU" }
>>   { 0 "LYS" "NLYS" } { 1 "LYS" "CLYS" }
>>   { 0 "MET" "NMET" } { 1 "MET" "CMET" }
>>   { 0 "PHE" "NPHE" } { 1 "PHE" "CPHE" }
>>   { 0 "PRO" "NPRO" } { 1 "PRO" "CPRO" }
>>   { 0 "SER" "NSER" } { 1 "SER" "CSER" }
>>   { 0 "THR" "NTHR" } { 1 "THR" "CTHR" }
>>   { 0 "TRP" "NTRP" } { 1 "TRP" "CTRP" }
>>   { 0 "TYR" "NTYR" } { 1 "TYR" "CTYR" }
>>   { 0 "VAL" "NVAL" } { 1 "VAL" "CVAL" }
>>   { 0 "HIS" "NHIS" } { 1 "HIS" "CHIS" }
>>   { 0 "G" "G5"  } { 1 "G" "G3"  } 
>>   { 0 "A" "A5"  } { 1 "A" "A3"  } 
>>   { 0 "C" "C5"  } { 1 "C" "C3"  } 
>>   { 0 "U" "U5"  } { 1 "U" "U3"  } 
>>   { 0 "DG" "DG5"  } { 1 "DG" "DG3"  }  
>>   { 0 "DA" "DA5"  } { 1 "DA" "DA3"  }  
>>   { 0 "DC" "DC5"  } { 1 "DC" "DC3"  }  
>>   { 0 "DT" "DT5"  } { 1 "DT" "DT3"  }  
>> #  some old Amber residue names for RNA:
>>   { 0  "RA5" "A5" } { 1 "RA3" "A3"} {"RA" "A" }
>>   { 0  "RC5" "C5" } { 1 "RC3" "C3"} {"RC" "C" }
>>   { 0  "RG5" "G5" } { 1 "RG3" "G3"} {"RG" "G" }
>>   { 0  "RU5" "U5" } { 1 "RU3" "U3"} {"RU" "U" }
>> #  some really old Amber residue names, assuming DNA:
>>   { 0 "GUA" "DG5"  } { 1 "GUA" "DG3"  } { "GUA" "DG" }
>>   { 0 "ADE" "DA5"  } { 1 "ADE" "DA3"  } { "ADE" "DA" }
>>   { 0 "CYT" "DC5"  } { 1 "CYT" "DC3"  } { "CYT" "DC" }
>>   { 0 "THY" "DT5"  } { 1 "THY" "DT3"  } { "THY" "DT" }
>> #  uncomment out the following if you have this old style RNA files:
>> # { 0 "GUA" "G5"  } { 1 "GUA" "G3"  } { "GUA" "G" }
>> # { 0 "ADE" "A5"  } { 1 "ADE" "A3"  } { "ADE" "A" }
>> # { 0 "CYT" "C5"  } { 1 "CYT" "C3"  } { "CYT" "C" }
>> # { 0 "URA" "R5"  } { 1 "URA" "R3"  } { "URA" "R" }
>> 
>> }
>> 
>> #  try to be good about reading in really old atom names as well:
>> addPdbAtomMap {
>>   { "O5*" "O5'" }
>>   { "C5*" "C5'" }
>>   { "C4*" "C4'" }
>>   { "O4*" "O4'" }
>>   { "C3*" "C3'" }
>>   { "O3*" "O3'" }
>>   { "C2*" "C2'" }
>>   { "O2*" "O2'" }
>>   { "C1*" "C1'" }
>>   { "C5M" "C7"  }
>>   { "H1*" "H1'" }
>>   { "H2*1" "H2'" }
>>   { "H2*2" "H2''" }
>>   { "H2'1" "H2'" }
>>   { "H2'2" "H2''" }
>>   { "H3*" "H3'" }
>>   { "H4*" "H4'" }
>>   { "H5*1" "H5'" }
>>   { "H5*2" "H5''" }
>>   { "H5'1" "H5'" }
>>   { "H5'2" "H5''" }
>>   { "HO'2" "HO2'" }
>>   { "H5T"  "HO5'" }
>>   { "H3T"  "HO3'" }
>>   { "O1'" "O4'" }
>>   { "OA"  "OP1" }
>>   { "OB"  "OP2" }
>>   { "O1P" "OP1" }
>>   { "O2P" "OP2" }
>> }
>> 
>> #
>> # assume that most often proteins use HIE
>> #
>> NHIS = NHIE
>> HIS = HIE
>> CHIS = CHIE
>> 
> 
> 
> addAtomTypes {
>     { "C7"  "C" "sp3" }
>     { "CJ"  "C" "sp3" }
>         { "C1"  "C" "sp2" }
>         { "C2"  "C" "sp2" }
> }
> 
> loadoff ff-DNA-OL24/ff-nucleic-OL24.lib
Loading library: ./ff-DNA-OL24/ff-nucleic-OL24.lib
Loading: DA
Loading: DA3
Loading: DA5
Loading: DAN
Loading: DC
Loading: DC3
Loading: DC5
Loading: DCN
Loading: DG
Loading: DG3
Loading: DG5
Loading: DGN
Loading: DT
Loading: DT3
Loading: DT5
Loading: DTN
> loadamberparams ff-DNA-OL24/ff-nucleic-OL24.frcmod
Loading parameters: ./ff-DNA-OL24/ff-nucleic-OL24.frcmod
Reading force field modification type file (frcmod)
Reading title:
OL24 parameters for DNA, see http://ffol.upol.cz
> 
> # for capping 5'-term of DNA with PO3H
> #loadoff terminal_monophosphate.lib
> 
> source leaprc.water.spce
----- Source: /Users/qiangzhu/Documents/amber24_install/dat/leap/cmd/leaprc.water.spce
----- Source of /Users/qiangzhu/Documents/amber24_install/dat/leap/cmd/leaprc.water.spce done
>> #
>> #       Load water and ions for SPC/E + Joung-Chetham monovalent ions
>> #       + Li/Merz highly charged ions (+2 to +4, 12-6 normal usage set)
>> #
>> addAtomTypes {
>> 	{ "F-"   "F" "sp3" }
>> 	{ "Cl-"  "Cl" "sp3" }
>> 	{ "Br-"  "Br" "sp3" }
>> 	{ "I-"   "I"  "sp3" }
>> 	{ "Li+"  "Li"  "sp3" }
>> 	{ "Na+"  "Na"  "sp3" }
>> 	{ "K+"  "K"  "sp3" }
>> 	{ "Rb+"  "Rb"  "sp3" }
>> 	{ "Cs+"  "Cs"  "sp3" }
>> 	{ "Mg+"  "Mg"  "sp3" }
>>     { "Tl+"  "Tl"  "sp3" }
>>     { "Cu+"  "Cu"  "sp3" }
>>     { "Ag+"  "Ag"  "sp3" }
>>     { "Be2+" "Be"  "sp3" }
>>     { "Cu2+" "Cu"  "sp3" }
>>     { "Ni2+" "Ni"  "sp3" }
>>     { "Pt2+" "Pt"  "sp3" }
>>     { "Zn2+" "Zn"  "sp3" }
>>     { "Co2+" "Co"  "sp3" }
>>     { "Pd2+" "Pd"  "sp3" }
>>     { "Ag2+" "Ag"  "sp3" }
>>     { "Cr2+" "Cr"  "sp3" }
>>     { "Fe2+" "Fe"  "sp3" }
>>     { "Mg2+" "Mg"  "sp3" }
>>     { "V2+"  "V"   "sp3" }
>>     { "Mn2+" "Mn"  "sp3" }
>>     { "Hg2+" "Hg"  "sp3" }
>>     { "Cd2+" "Cd"  "sp3" }
>>     { "Yb2+" "Yb"  "sp3" }
>>     { "Ca2+" "Ca"  "sp3" }
>>     { "Sn2+" "Sn"  "sp3" }
>>     { "Pb2+" "Pb"  "sp3" }
>>     { "Eu2+" "Eu"  "sp3" }
>>     { "Sr2+" "Sr"  "sp3" }
>>     { "Sm2+" "Sm"  "sp3" }
>>     { "Ba2+" "Ba"  "sp3" }
>>     { "Ra2+" "Ra"  "sp3" }
>>     { "Al3+" "Al"  "sp3" }
>>     { "Fe3+" "Fe"  "sp3" }
>>     { "Cr3+" "Cr"  "sp3" }
>>     { "In3+" "In"  "sp3" }
>>     { "Tl3+" "Tl"  "sp3" }
>>     { "Y3+"  "Y"   "sp3" }
>>     { "La3+" "La"  "sp3" }
>>     { "Ce3+" "Ce"  "sp3" }
>>     { "Pr3+" "Pr"  "sp3" }
>>     { "Nd3+" "Nd"  "sp3" }
>>     { "Sm3+" "Sm"  "sp3" }
>>     { "Eu3+" "Eu"  "sp3" }
>>     { "Gd3+" "Gd"  "sp3" }
>>     { "Tb3+" "Tb"  "sp3" }
>>     { "Dy3+" "Dy"  "sp3" }
>>     { "Er3+" "Er"  "sp3" }
>>     { "Tm3+" "Tm"  "sp3" }
>>     { "Lu3+" "Lu"  "sp3" }
>>     { "Hf4+" "Hf"  "sp3" }
>>     { "Zr4+" "Zr"  "sp3" }
>>     { "Ce4+" "Ce"  "sp3" }
>>     { "U4+"  "U"   "sp3" }
>>     { "Pu4+" "Pu"  "sp3" }
>>     { "Th4+" "Th"  "sp3" }
>>     { "OW"   "O"   "sp3" }
>>     { "HW"   "H"   "sp3" }
>> }
>> loadOff atomic_ions.lib
Loading library: /Users/qiangzhu/Documents/amber24_install/dat/leap/lib/atomic_ions.lib
Loading: AG
Loading: AL
Loading: Ag
Loading: BA
Loading: BR
Loading: Be
Loading: CA
Loading: CD
Loading: CE
Loading: CL
Loading: CO
Loading: CR
Loading: CS
Loading: CU
Loading: CU1
Loading: Ce
Loading: Cl-
Loading: Cr
Loading: Dy
Loading: EU
Loading: EU3
Loading: Er
Loading: F
Loading: FE
Loading: FE2
Loading: GD3
Loading: H3O+
Loading: HE+
Loading: HG
Loading: HZ+
Loading: Hf
Loading: IN
Loading: IOD
Loading: K
Loading: K+
Loading: LA
Loading: LI
Loading: LU
Loading: MG
Loading: MN
Loading: NA
Loading: NH4
Loading: NI
Loading: Na+
Loading: Nd
Loading: PB
Loading: PD
Loading: PR
Loading: PT
Loading: Pu
Loading: RB
Loading: Ra
Loading: SM
Loading: SR
Loading: Sm
Loading: Sn
Loading: TB
Loading: TL
Loading: Th
Loading: Tl
Loading: Tm
Loading: U4+
Loading: V2+
Loading: Y
Loading: YB2
Loading: ZN
Loading: Zr
>> loadOff solvents.lib
Loading library: /Users/qiangzhu/Documents/amber24_install/dat/leap/lib/solvents.lib
Loading: CHCL3BOX
Loading: DC4
Loading: FB3
Loading: FB3BOX
Loading: FB4
Loading: FB4BOX
Loading: MEOHBOX
Loading: NMABOX
Loading: O3P
Loading: OP3
Loading: OPC
Loading: OPC3BOX
Loading: OPC3POLBOX
Loading: OPCBOX
Loading: PL3
Loading: POL3BOX
Loading: QSPCFWBOX
Loading: SPC
Loading: SPCBOX
Loading: SPCFWBOX
Loading: SPF
Loading: SPG
Loading: T4E
Loading: TIP3PBOX
Loading: TIP3PFBOX
Loading: TIP4PBOX
Loading: TIP4PEWBOX
Loading: TIP5PBOX
Loading: TP3
Loading: TP4
Loading: TP5
Loading: TPF
>> HOH = SPC
>> WAT = SPC
>> loadAmberParams frcmod.spce
Loading parameters: /Users/qiangzhu/Documents/amber24_install/dat/leap/parm/frcmod.spce
Reading force field modification type file (frcmod)
Reading title:
This is the additional/replacement parameter set for SPC/E water
>> loadAmberParams frcmod.ionsjc_spce
Loading parameters: /Users/qiangzhu/Documents/amber24_install/dat/leap/parm/frcmod.ionsjc_spce
Reading force field modification type file (frcmod)
Reading title:
Monovalent ion parameters for Ewald and SPC/E water from Joung & Cheatham JPCB (2008)
>> loadAmberParams frcmod.ions234lm_126_spce
Loading parameters: /Users/qiangzhu/Documents/amber24_install/dat/leap/parm/frcmod.ions234lm_126_spce
Reading force field modification type file (frcmod)
Reading title:
Li/Merz ion parameters of divalent to tetravalent ions for SPC/E water model (12-6 normal usage set)
>> 
> 
> 
> loadamberprep dGTP/dGTP.prep
Loading Prep file: ./dGTP/dGTP.prep
(UNKNOWN ATOM TYPE: O3)
(UNKNOWN ATOM TYPE: O3)
(UNKNOWN ATOM TYPE: O3)
Loaded UNIT: dgt
> loadamberparams dGTP/frcmod.phos
Loading parameters: ./dGTP/frcmod.phos
Reading force field modification type file (frcmod)
Reading title:
#  Modifications to the AMBER94 force field for polyphosphates
(UNKNOWN ATOM TYPE: O3)
> 
> total = loadpdb J117_initial.amber.pdb
Loading PDB file: ./J117_initial.amber.pdb
Matching PDB residue names to LEaP variables.
Mapped residue MET, term: Terminal/beginning, seq. number: 0 to: NMET.
Mapped residue LEU, term: Terminal/last, seq. number: 365 to: CLEU.
Mapped residue MET, term: Terminal/beginning, seq. number: 366 to: NMET.
Mapped residue LEU, term: Terminal/last, seq. number: 731 to: CLEU.
Mapped residue MET, term: Terminal/beginning, seq. number: 732 to: NMET.
Mapped residue ALA, term: Terminal/last, seq. number: 974 to: CALA.
Mapped residue MET, term: Terminal/beginning, seq. number: 975 to: NMET.
Mapped residue LYS, term: Terminal/last, seq. number: 1050 to: CLYS.
Mapped residue MET, term: Terminal/beginning, seq. number: 1051 to: NMET.
Mapped residue TYR, term: Terminal/last, seq. number: 2130 to: CTYR.
Mapped residue DC, term: Terminal/beginning, seq. number: 2132 to: DC5.
Mapped residue DC, term: Terminal/last, seq. number: 2160 to: DC3.
Mapped residue DT, term: Terminal/beginning, seq. number: 2161 to: DT5.
Mapped residue DG, term: Terminal/last, seq. number: 2199 to: DG3.
  Added missing heavy atom: .R<CTYR 2131>.A<OXT 22>
  total atoms in file: 18107
  Leap added 17500 missing atoms according to residue templates:
       1 Heavy
       17499 H / lone pairs
> 
> solvatebox total SPCBOX 14.0
  Solute vdw bounding box:              116.066 116.185 144.789
  Total bounding box for atom centers:  144.066 144.185 172.789
  Solvent unit box:                     18.774 18.774 18.774
The number of boxes:  x= 8  y= 8  z=10
  Total vdw box size:                   146.870 146.923 175.756 angstroms.
  Volume: 3792540.349 A^3 
  Total mass 2041947.614 amu,  Density 0.894 g/cc
  Added 98967 residues.
> #addIons total MG 2
> #addIons total NA 337
> #addIons total CL 221
> 
> saveamberparm total J117_total.prmtop J117_total.inpcrd
Checking Unit.

/Users/qiangzhu/Documents/amber24_install/bin/teLeap: Warning!
The unperturbed charge of the unit (-132.000000) is not zero.

/Users/qiangzhu/Documents/amber24_install/bin/teLeap: Note.
Ignoring the warning from Unit Checking.

Building topology.
Building atom parameters.
Building bond parameters.
Building angle parameters.
Building proper torsion parameters.
Building improper torsion parameters.
old PREP-specified impropers:
 <dgt 2202>:  C8   C4   N9   C1' 
 <dgt 2202>:  C5   N1   C6   O6  
 <dgt 2202>:  C6   C2   N1   H1  
 <dgt 2202>:  C2   H21  N2   H22 
 <dgt 2202>:  N7   N9   C8   H8  
 <dgt 2202>:  N1   N3   C2   N2  
 total 7309 improper torsions applied
 6 improper torsions in old prep form
Building H-Bond parameters.
Incorporating Non-Bonded adjustments.
Not Marking per-residue atom chain types.
Marking per-residue atom chain types.
  (Residues lacking connect0/connect1 - 
   these don't have chain types marked:

	res	total affected

	CALA	1
	CLEU	2
	CLYS	1
	CTYR	1
	NMET	5
	WAT	98967
  )
 (no restraints)
> 
> quit
	Quit

Exiting LEaP: Errors = 0; Warnings = 1; Notes = 1.
log started: Fri Feb 13 22:57:25 2026

Log file: ./leap.log
>> #
>> # ----- leaprc for loading the ff14SB force field
>> # ----- NOTE: this is designed for PDB format 3!
>> #    Uses frcmod.ff14SB for proteins; ff99bsc0 for DNA; ff99bsc0_chiOL3 for RNA
>> #
>> #	load atom type hybridizations
>> #
>> addAtomTypes {
>> 	{ "H"   "H" "sp3" }
>> 	{ "HO"  "H" "sp3" }
>> 	{ "HS"  "H" "sp3" }
>> 	{ "H1"  "H" "sp3" }
>> 	{ "H2"  "H" "sp3" }
>> 	{ "H3"  "H" "sp3" }
>> 	{ "H4"  "H" "sp3" }
>> 	{ "H5"  "H" "sp3" }
>> 	{ "HW"  "H" "sp3" }
>> 	{ "HC"  "H" "sp3" }
>> 	{ "HA"  "H" "sp3" }
>> 	{ "HP"  "H" "sp3" }
>> 	{ "HZ"  "H" "sp3" }
>> 	{ "OH"  "O" "sp3" }
>> 	{ "OS"  "O" "sp3" }
>> 	{ "O"   "O" "sp2" }
>> 	{ "O2"  "O" "sp2" }
>> 	{ "OP"  "O" "sp2" }
>> 	{ "OW"  "O" "sp3" }
>> 	{ "CT"  "C" "sp3" }
>> 	{ "CX"  "C" "sp3" }
>> 	{ "C8"  "C" "sp3" }
>> 	{ "2C"  "C" "sp3" }
>> 	{ "3C"  "C" "sp3" }
>> 	{ "CH"  "C" "sp3" }
>> 	{ "CS"  "C" "sp2" }
>> 	{ "C"   "C" "sp2" }
>> 	{ "CO"   "C" "sp2" }
>> 	{ "C*"  "C" "sp2" }
>> 	{ "CA"  "C" "sp2" }
>> 	{ "CB"  "C" "sp2" }
>> 	{ "CC"  "C" "sp2" }
>> 	{ "CN"  "C" "sp2" }
>> 	{ "CM"  "C" "sp2" }
>> 	{ "CK"  "C" "sp2" }
>> 	{ "CQ"  "C" "sp2" }
>> 	{ "CD"  "C" "sp2" }
>> 	{ "C5"  "C" "sp2" }
>> 	{ "C4"  "C" "sp2" }
>> 	{ "CP"  "C" "sp2" }
>> 	{ "CI"  "C" "sp3" }
>> 	{ "CJ"  "C" "sp2" }
>> 	{ "CW"  "C" "sp2" }
>> 	{ "CV"  "C" "sp2" }
>> 	{ "CR"  "C" "sp2" }
>> 	{ "CA"  "C" "sp2" }
>> 	{ "CY"  "C" "sp2" }
>> 	{ "C0"  "Ca" "sp3" }
>> 	{ "MG"  "Mg" "sp3" }
>> 	{ "N"   "N" "sp2" }
>> 	{ "NA"  "N" "sp2" }
>> 	{ "N2"  "N" "sp2" }
>> 	{ "N*"  "N" "sp2" }
>> 	{ "NP"  "N" "sp2" }
>> 	{ "NQ"  "N" "sp2" }
>> 	{ "NB"  "N" "sp2" }
>> 	{ "NC"  "N" "sp2" }
>> 	{ "NT"  "N" "sp3" }
>> 	{ "NY"  "N" "sp2" }
>> 	{ "N3"  "N" "sp3" }
>> 	{ "S"   "S" "sp3" }
>> 	{ "SH"  "S" "sp3" }
>> 	{ "P"   "P" "sp3" }
>> 	{ "LP"  ""  "sp3" }
>> 	{ "EP"  ""  "sp3" }
>> 	{ "F"   "F" "sp3" }
>> 	{ "Cl"  "Cl" "sp3" }
>> 	{ "Br"  "Br" "sp3" }
>> 	{ "I"   "I"  "sp3" }
>> 	{ "F-"   "F" "sp3" }
>> 	{ "Cl-"  "Cl" "sp3" }
>> 	{ "Br-"  "Br" "sp3" }
>> 	{ "I-"   "I"  "sp3" }
>> 	{ "Li+"  "Li"  "sp3" }
>> 	{ "Na+"  "Na"  "sp3" }
>> 	{ "K+"  "K"  "sp3" }
>> 	{ "Rb+"  "Rb"  "sp3" }
>> 	{ "Cs+"  "Cs"  "sp3" }
>> 	{ "Mg+"  "Mg"  "sp3" }
>> # glycam
>> 	{ "OG"  "O" "sp3" }
>> 	{ "OL"  "O" "sp3" }
>> 	{ "AC"  "C" "sp3" }
>> 	{ "EC"  "C" "sp3" }
>> }
>> #
>> #	Load the main parameter set.
>> #
>> parm10 = loadamberparams parm10.dat
Loading parameters: /Users/qiangzhu/Documents/amber24_install/dat/leap/parm/parm10.dat
Reading title:
PARM99 + frcmod.ff99SB + frcmod.parmbsc0 + OL3 for RNA
>> frcmod14SB = loadamberparams frcmod.ff14SB
Loading parameters: /Users/qiangzhu/Documents/amber24_install/dat/leap/parm/frcmod.ff14SB
Reading force field modification type file (frcmod)
Reading title:
ff14SB protein backbone and sidechain parameters
>> #
>> #	Load main chain and terminating amino acid libraries, nucleic acids
>> #
>> loadOff amino12.lib
Loading library: /Users/qiangzhu/Documents/amber24_install/dat/leap/lib/amino12.lib
Loading: ALA
Loading: ARG
Loading: ASH
Loading: ASN
Loading: ASP
Loading: CYM
Loading: CYS
Loading: CYX
Loading: GLH
Loading: GLN
Loading: GLU
Loading: GLY
Loading: HID
Loading: HIE
Loading: HIP
Loading: HYP
Loading: ILE
Loading: LEU
Loading: LYN
Loading: LYS
Loading: MET
Loading: PHE
Loading: PRO
Loading: SER
Loading: THR
Loading: TRP
Loading: TYR
Loading: VAL
>> loadOff aminoct12.lib
Loading library: /Users/qiangzhu/Documents/amber24_install/dat/leap/lib/aminoct12.lib
Loading: CALA
Loading: CARG
Loading: CASN
Loading: CASP
Loading: CCYS
Loading: CCYX
Loading: CGLN
Loading: CGLU
Loading: CGLY
Loading: CHID
Loading: CHIE
Loading: CHIP
Loading: CHYP
Loading: CILE
Loading: CLEU
Loading: CLYS
Loading: CMET
Loading: CPHE
Loading: CPRO
Loading: CSER
Loading: CTHR
Loading: CTRP
Loading: CTYR
Loading: CVAL
Loading: NHE
Loading: NME
>> loadOff aminont12.lib
Loading library: /Users/qiangzhu/Documents/amber24_install/dat/leap/lib/aminont12.lib
Loading: ACE
Loading: NALA
Loading: NARG
Loading: NASN
Loading: NASP
Loading: NCYS
Loading: NCYX
Loading: NGLN
Loading: NGLU
Loading: NGLY
Loading: NHID
Loading: NHIE
Loading: NHIP
Loading: NILE
Loading: NLEU
Loading: NLYS
Loading: NMET
Loading: NPHE
Loading: NPRO
Loading: NSER
Loading: NTHR
Loading: NTRP
Loading: NTYR
Loading: NVAL
>> loadOff nucleic12.lib
Loading library: /Users/qiangzhu/Documents/amber24_install/dat/leap/lib/nucleic12.lib
Loading: A
Loading: A3
Loading: A5
Loading: AN
Loading: C
Loading: C3
Loading: C5
Loading: CN
Loading: DA
Loading: DA3
Loading: DA5
Loading: DAN
Loading: DC
Loading: DC3
Loading: DC5
Loading: DCN
Loading: DG
Loading: DG3
Loading: DG5
Loading: DGN
Loading: DT
Loading: DT3
Loading: DT5
Loading: DTN
Loading: G
Loading: G3
Loading: G5
Loading: GN
Loading: OHE
Loading: U
Loading: U3
Loading: U5
Loading: UN
>> #
>> #       Load water and ions
>> # 
>> loadOff atomic_ions.lib
Loading library: /Users/qiangzhu/Documents/amber24_install/dat/leap/lib/atomic_ions.lib
Loading: AG
Loading: AL
Loading: Ag
Loading: BA
Loading: BR
Loading: Be
Loading: CA
Loading: CD
Loading: CE
Loading: CL
Loading: CO
Loading: CR
Loading: CS
Loading: CU
Loading: CU1
Loading: Ce
Loading: Cl-
Loading: Cr
Loading: Dy
Loading: EU
Loading: EU3
Loading: Er
Loading: F
Loading: FE
Loading: FE2
Loading: GD3
Loading: H3O+
Loading: HE+
Loading: HG
Loading: HZ+
Loading: Hf
Loading: IN
Loading: IOD
Loading: K
Loading: K+
Loading: LA
Loading: LI
Loading: LU
Loading: MG
Loading: MN
Loading: NA
Loading: NH4
Loading: NI
Loading: Na+
Loading: Nd
Loading: PB
Loading: PD
Loading: PR
Loading: PT
Loading: Pu
Loading: RB
Loading: Ra
Loading: SM
Loading: SR
Loading: Sm
Loading: Sn
Loading: TB
Loading: TL
Loading: Th
Loading: Tl
Loading: Tm
Loading: U4+
Loading: V2+
Loading: Y
Loading: YB2
Loading: ZN
Loading: Zr
>> loadOff solvents.lib
Loading library: /Users/qiangzhu/Documents/amber24_install/dat/leap/lib/solvents.lib
Loading: CHCL3BOX
Loading: DC4
Loading: FB3
Loading: FB3BOX
Loading: FB4
Loading: FB4BOX
Loading: MEOHBOX
Loading: NMABOX
Loading: O3P
Loading: OP3
Loading: OPC
Loading: OPC3BOX
Loading: OPC3POLBOX
Loading: OPCBOX
Loading: PL3
Loading: POL3BOX
Loading: QSPCFWBOX
Loading: SPC
Loading: SPCBOX
Loading: SPCFWBOX
Loading: SPF
Loading: SPG
Loading: T4E
Loading: TIP3PBOX
Loading: TIP3PFBOX
Loading: TIP4PBOX
Loading: TIP4PEWBOX
Loading: TIP5PBOX
Loading: TP3
Loading: TP4
Loading: TP5
Loading: TPF
>> HOH = TP3
>> WAT = TP3
>> 
>> #
>> #	Define the PDB name map for the amino acids and nucleic acids
>> #
>> addPdbResMap {
>>   { 0 "HYP" "NHYP" } { 1 "HYP" "CHYP" }
>>   { 0 "ALA" "NALA" } { 1 "ALA" "CALA" }
>>   { 0 "ARG" "NARG" } { 1 "ARG" "CARG" }
>>   { 0 "ASN" "NASN" } { 1 "ASN" "CASN" }
>>   { 0 "ASP" "NASP" } { 1 "ASP" "CASP" }
>>   { 0 "CYS" "NCYS" } { 1 "CYS" "CCYS" }
>>   { 0 "CYX" "NCYX" } { 1 "CYX" "CCYX" }
>>   { 0 "GLN" "NGLN" } { 1 "GLN" "CGLN" }
>>   { 0 "GLU" "NGLU" } { 1 "GLU" "CGLU" }
>>   { 0 "GLY" "NGLY" } { 1 "GLY" "CGLY" }
>>   { 0 "HID" "NHID" } { 1 "HID" "CHID" }
>>   { 0 "HIE" "NHIE" } { 1 "HIE" "CHIE" }
>>   { 0 "HIP" "NHIP" } { 1 "HIP" "CHIP" }
>>   { 0 "ILE" "NILE" } { 1 "ILE" "CILE" }
>>   { 0 "LEU" "NLEU" } { 1 "LEU" "CLEU" }
>>   { 0 "LYS" "NLYS" } { 1 "LYS" "CLYS" }
>>   { 0 "MET" "NMET" } { 1 "MET" "CMET" }
>>   { 0 "PHE" "NPHE" } { 1 "PHE" "CPHE" }
>>   { 0 "PRO" "NPRO" } { 1 "PRO" "CPRO" }
>>   { 0 "SER" "NSER" } { 1 "SER" "CSER" }
>>   { 0 "THR" "NTHR" } { 1 "THR" "CTHR" }
>>   { 0 "TRP" "NTRP" } { 1 "TRP" "CTRP" }
>>   { 0 "TYR" "NTYR" } { 1 "TYR" "CTYR" }
>>   { 0 "VAL" "NVAL" } { 1 "VAL" "CVAL" }
>>   { 0 "HIS" "NHIS" } { 1 "HIS" "CHIS" }
>>   { 0 "G" "G5"  } { 1 "G" "G3"  } 
>>   { 0 "A" "A5"  } { 1 "A" "A3"  } 
>>   { 0 "C" "C5"  } { 1 "C" "C3"  } 
>>   { 0 "U" "U5"  } { 1 "U" "U3"  } 
>>   { 0 "DG" "DG5"  } { 1 "DG" "DG3"  }  
>>   { 0 "DA" "DA5"  } { 1 "DA" "DA3"  }  
>>   { 0 "DC" "DC5"  } { 1 "DC" "DC3"  }  
>>   { 0 "DT" "DT5"  } { 1 "DT" "DT3"  }  
>> #  some old Amber residue names for RNA:
>>   { 0  "RA5" "A5" } { 1 "RA3" "A3"} {"RA" "A" }
>>   { 0  "RC5" "C5" } { 1 "RC3" "C3"} {"RC" "C" }
>>   { 0  "RG5" "G5" } { 1 "RG3" "G3"} {"RG" "G" }
>>   { 0  "RU5" "U5" } { 1 "RU3" "U3"} {"RU" "U" }
>> #  some really old Amber residue names, assuming DNA:
>>   { 0 "GUA" "DG5"  } { 1 "GUA" "DG3"  } { "GUA" "DG" }
>>   { 0 "ADE" "DA5"  } { 1 "ADE" "DA3"  } { "ADE" "DA" }
>>   { 0 "CYT" "DC5"  } { 1 "CYT" "DC3"  } { "CYT" "DC" }
>>   { 0 "THY" "DT5"  } { 1 "THY" "DT3"  } { "THY" "DT" }
>> #  uncomment out the following if you have this old style RNA files:
>> # { 0 "GUA" "G5"  } { 1 "GUA" "G3"  } { "GUA" "G" }
>> # { 0 "ADE" "A5"  } { 1 "ADE" "A3"  } { "ADE" "A" }
>> # { 0 "CYT" "C5"  } { 1 "CYT" "C3"  } { "CYT" "C" }
>> # { 0 "URA" "R5"  } { 1 "URA" "R3"  } { "URA" "R" }
>> 
>> }
>> 
>> #  try to be good about reading in really old atom names as well:
>> addPdbAtomMap {
>>   { "O5*" "O5'" }
>>   { "C5*" "C5'" }
>>   { "C4*" "C4'" }
>>   { "O4*" "O4'" }
>>   { "C3*" "C3'" }
>>   { "O3*" "O3'" }
>>   { "C2*" "C2'" }
>>   { "O2*" "O2'" }
>>   { "C1*" "C1'" }
>>   { "C5M" "C7"  }
>>   { "H1*" "H1'" }
>>   { "H2*1" "H2'" }
>>   { "H2*2" "H2''" }
>>   { "H2'1" "H2'" }
>>   { "H2'2" "H2''" }
>>   { "H3*" "H3'" }
>>   { "H4*" "H4'" }
>>   { "H5*1" "H5'" }
>>   { "H5*2" "H5''" }
>>   { "H5'1" "H5'" }
>>   { "H5'2" "H5''" }
>>   { "HO'2" "HO2'" }
>>   { "H5T"  "HO5'" }
>>   { "H3T"  "HO3'" }
>>   { "O1'" "O4'" }
>>   { "OA"  "OP1" }
>>   { "OB"  "OP2" }
>>   { "O1P" "OP1" }
>>   { "O2P" "OP2" }
>> }
>> 
>> #
>> # assume that most often proteins use HIE
>> #
>> NHIS = NHIE
>> HIS = HIE
>> CHIS = CHIE
>> 
> 
> 
> addAtomTypes {
>     { "C7"  "C" "sp3" }
>     { "CJ"  "C" "sp3" }
>         { "C1"  "C" "sp2" }
>         { "C2"  "C" "sp2" }
> }
> 
> loadoff ff-DNA-OL24/ff-nucleic-OL24.lib
Loading library: ./ff-DNA-OL24/ff-nucleic-OL24.lib
Loading: DA
Loading: DA3
Loading: DA5
Loading: DAN
Loading: DC
Loading: DC3
Loading: DC5
Loading: DCN
Loading: DG
Loading: DG3
Loading: DG5
Loading: DGN
Loading: DT
Loading: DT3
Loading: DT5
Loading: DTN
> loadamberparams ff-DNA-OL24/ff-nucleic-OL24.frcmod
Loading parameters: ./ff-DNA-OL24/ff-nucleic-OL24.frcmod
Reading force field modification type file (frcmod)
Reading title:
OL24 parameters for DNA, see http://ffol.upol.cz
> 
> # for capping 5'-term of DNA with PO3H
> #loadoff terminal_monophosphate.lib
> 
> source leaprc.water.spce
----- Source: /Users/qiangzhu/Documents/amber24_install/dat/leap/cmd/leaprc.water.spce
----- Source of /Users/qiangzhu/Documents/amber24_install/dat/leap/cmd/leaprc.water.spce done
>> #
>> #       Load water and ions for SPC/E + Joung-Chetham monovalent ions
>> #       + Li/Merz highly charged ions (+2 to +4, 12-6 normal usage set)
>> #
>> addAtomTypes {
>> 	{ "F-"   "F" "sp3" }
>> 	{ "Cl-"  "Cl" "sp3" }
>> 	{ "Br-"  "Br" "sp3" }
>> 	{ "I-"   "I"  "sp3" }
>> 	{ "Li+"  "Li"  "sp3" }
>> 	{ "Na+"  "Na"  "sp3" }
>> 	{ "K+"  "K"  "sp3" }
>> 	{ "Rb+"  "Rb"  "sp3" }
>> 	{ "Cs+"  "Cs"  "sp3" }
>> 	{ "Mg+"  "Mg"  "sp3" }
>>     { "Tl+"  "Tl"  "sp3" }
>>     { "Cu+"  "Cu"  "sp3" }
>>     { "Ag+"  "Ag"  "sp3" }
>>     { "Be2+" "Be"  "sp3" }
>>     { "Cu2+" "Cu"  "sp3" }
>>     { "Ni2+" "Ni"  "sp3" }
>>     { "Pt2+" "Pt"  "sp3" }
>>     { "Zn2+" "Zn"  "sp3" }
>>     { "Co2+" "Co"  "sp3" }
>>     { "Pd2+" "Pd"  "sp3" }
>>     { "Ag2+" "Ag"  "sp3" }
>>     { "Cr2+" "Cr"  "sp3" }
>>     { "Fe2+" "Fe"  "sp3" }
>>     { "Mg2+" "Mg"  "sp3" }
>>     { "V2+"  "V"   "sp3" }
>>     { "Mn2+" "Mn"  "sp3" }
>>     { "Hg2+" "Hg"  "sp3" }
>>     { "Cd2+" "Cd"  "sp3" }
>>     { "Yb2+" "Yb"  "sp3" }
>>     { "Ca2+" "Ca"  "sp3" }
>>     { "Sn2+" "Sn"  "sp3" }
>>     { "Pb2+" "Pb"  "sp3" }
>>     { "Eu2+" "Eu"  "sp3" }
>>     { "Sr2+" "Sr"  "sp3" }
>>     { "Sm2+" "Sm"  "sp3" }
>>     { "Ba2+" "Ba"  "sp3" }
>>     { "Ra2+" "Ra"  "sp3" }
>>     { "Al3+" "Al"  "sp3" }
>>     { "Fe3+" "Fe"  "sp3" }
>>     { "Cr3+" "Cr"  "sp3" }
>>     { "In3+" "In"  "sp3" }
>>     { "Tl3+" "Tl"  "sp3" }
>>     { "Y3+"  "Y"   "sp3" }
>>     { "La3+" "La"  "sp3" }
>>     { "Ce3+" "Ce"  "sp3" }
>>     { "Pr3+" "Pr"  "sp3" }
>>     { "Nd3+" "Nd"  "sp3" }
>>     { "Sm3+" "Sm"  "sp3" }
>>     { "Eu3+" "Eu"  "sp3" }
>>     { "Gd3+" "Gd"  "sp3" }
>>     { "Tb3+" "Tb"  "sp3" }
>>     { "Dy3+" "Dy"  "sp3" }
>>     { "Er3+" "Er"  "sp3" }
>>     { "Tm3+" "Tm"  "sp3" }
>>     { "Lu3+" "Lu"  "sp3" }
>>     { "Hf4+" "Hf"  "sp3" }
>>     { "Zr4+" "Zr"  "sp3" }
>>     { "Ce4+" "Ce"  "sp3" }
>>     { "U4+"  "U"   "sp3" }
>>     { "Pu4+" "Pu"  "sp3" }
>>     { "Th4+" "Th"  "sp3" }
>>     { "OW"   "O"   "sp3" }
>>     { "HW"   "H"   "sp3" }
>> }
>> loadOff atomic_ions.lib
Loading library: /Users/qiangzhu/Documents/amber24_install/dat/leap/lib/atomic_ions.lib
Loading: AG
Loading: AL
Loading: Ag
Loading: BA
Loading: BR
Loading: Be
Loading: CA
Loading: CD
Loading: CE
Loading: CL
Loading: CO
Loading: CR
Loading: CS
Loading: CU
Loading: CU1
Loading: Ce
Loading: Cl-
Loading: Cr
Loading: Dy
Loading: EU
Loading: EU3
Loading: Er
Loading: F
Loading: FE
Loading: FE2
Loading: GD3
Loading: H3O+
Loading: HE+
Loading: HG
Loading: HZ+
Loading: Hf
Loading: IN
Loading: IOD
Loading: K
Loading: K+
Loading: LA
Loading: LI
Loading: LU
Loading: MG
Loading: MN
Loading: NA
Loading: NH4
Loading: NI
Loading: Na+
Loading: Nd
Loading: PB
Loading: PD
Loading: PR
Loading: PT
Loading: Pu
Loading: RB
Loading: Ra
Loading: SM
Loading: SR
Loading: Sm
Loading: Sn
Loading: TB
Loading: TL
Loading: Th
Loading: Tl
Loading: Tm
Loading: U4+
Loading: V2+
Loading: Y
Loading: YB2
Loading: ZN
Loading: Zr
>> loadOff solvents.lib
Loading library: /Users/qiangzhu/Documents/amber24_install/dat/leap/lib/solvents.lib
Loading: CHCL3BOX
Loading: DC4
Loading: FB3
Loading: FB3BOX
Loading: FB4
Loading: FB4BOX
Loading: MEOHBOX
Loading: NMABOX
Loading: O3P
Loading: OP3
Loading: OPC
Loading: OPC3BOX
Loading: OPC3POLBOX
Loading: OPCBOX
Loading: PL3
Loading: POL3BOX
Loading: QSPCFWBOX
Loading: SPC
Loading: SPCBOX
Loading: SPCFWBOX
Loading: SPF
Loading: SPG
Loading: T4E
Loading: TIP3PBOX
Loading: TIP3PFBOX
Loading: TIP4PBOX
Loading: TIP4PEWBOX
Loading: TIP5PBOX
Loading: TP3
Loading: TP4
Loading: TP5
Loading: TPF
>> HOH = SPC
>> WAT = SPC
>> loadAmberParams frcmod.spce
Loading parameters: /Users/qiangzhu/Documents/amber24_install/dat/leap/parm/frcmod.spce
Reading force field modification type file (frcmod)
Reading title:
This is the additional/replacement parameter set for SPC/E water
>> loadAmberParams frcmod.ionsjc_spce
Loading parameters: /Users/qiangzhu/Documents/amber24_install/dat/leap/parm/frcmod.ionsjc_spce
Reading force field modification type file (frcmod)
Reading title:
Monovalent ion parameters for Ewald and SPC/E water from Joung & Cheatham JPCB (2008)
>> loadAmberParams frcmod.ions234lm_126_spce
Loading parameters: /Users/qiangzhu/Documents/amber24_install/dat/leap/parm/frcmod.ions234lm_126_spce
Reading force field modification type file (frcmod)
Reading title:
Li/Merz ion parameters of divalent to tetravalent ions for SPC/E water model (12-6 normal usage set)
>> 
> 
> 
> loadamberprep dGTP/dGTP.prep
Loading Prep file: ./dGTP/dGTP.prep
(UNKNOWN ATOM TYPE: O3)
(UNKNOWN ATOM TYPE: O3)
(UNKNOWN ATOM TYPE: O3)
Loaded UNIT: dgt
> loadamberparams dGTP/frcmod.phos
Loading parameters: ./dGTP/frcmod.phos
Reading force field modification type file (frcmod)
Reading title:
#  Modifications to the AMBER94 force field for polyphosphates
(UNKNOWN ATOM TYPE: O3)
> 
> total = loadpdb J117_initial.amber.pdb
Loading PDB file: ./J117_initial.amber.pdb
Matching PDB residue names to LEaP variables.
Mapped residue MET, term: Terminal/beginning, seq. number: 0 to: NMET.
Mapped residue LEU, term: Terminal/last, seq. number: 365 to: CLEU.
Mapped residue MET, term: Terminal/beginning, seq. number: 366 to: NMET.
Mapped residue LEU, term: Terminal/last, seq. number: 731 to: CLEU.
Mapped residue MET, term: Terminal/beginning, seq. number: 732 to: NMET.
Mapped residue ALA, term: Terminal/last, seq. number: 974 to: CALA.
Mapped residue MET, term: Terminal/beginning, seq. number: 975 to: NMET.
Mapped residue LYS, term: Terminal/last, seq. number: 1050 to: CLYS.
Mapped residue MET, term: Terminal/beginning, seq. number: 1051 to: NMET.
Mapped residue TYR, term: Terminal/last, seq. number: 2130 to: CTYR.
Mapped residue DC, term: Terminal/beginning, seq. number: 2132 to: DC5.
Mapped residue DC, term: Terminal/last, seq. number: 2160 to: DC3.
Mapped residue DT, term: Terminal/beginning, seq. number: 2161 to: DT5.
Mapped residue DG, term: Terminal/last, seq. number: 2199 to: DG3.
  Added missing heavy atom: .R<CTYR 2131>.A<OXT 22>
  total atoms in file: 18107
  Leap added 17500 missing atoms according to residue templates:
       1 Heavy
       17499 H / lone pairs
> 
> solvatebox total SPCBOX 14.0
  Solute vdw bounding box:              116.066 116.185 144.789
  Total bounding box for atom centers:  144.066 144.185 172.789
  Solvent unit box:                     18.774 18.774 18.774
The number of boxes:  x= 8  y= 8  z=10
  Total vdw box size:                   146.870 146.923 175.756 angstroms.
  Volume: 3792540.349 A^3 
  Total mass 2041947.614 amu,  Density 0.894 g/cc
  Added 98967 residues.
> addIons total MG 21
Adding 21 counter ions to "total" using 1A grid
Total solute charge:  -132.00  Max atom radius:   2.10
Grid extends from solute vdw + 3.81  to  9.91
Box:
   enclosing:  -66.38 -66.61 -80.85   66.40 66.39 80.99
   sized:			      189.62 189.39 175.15
   edge:        256.00
Resolution:      1.00 Angstrom.
Tree depth: 8
Volume =  1.91% of box, grid points 321111
Solvent present: replacing closest with ion
	 when steric overlaps occur
Calculating grid charges
(Replacing solvent molecule)
Placed MG in total at (4.94, 6.46, -2.66).
(Replacing solvent molecule)
Placed MG in total at (2.73, 10.52, 3.58).
(Replacing solvent molecule)
Placed MG in total at (0.71, 15.74, -29.02).
(Replacing solvent molecule)
Placed MG in total at (8.19, 1.98, -43.10).
(Replacing solvent molecule)
Placed MG in total at (-7.47, 11.81, 5.53).
(Replacing solvent molecule)
Placed MG in total at (-2.37, -2.31, -16.41).
(Replacing solvent molecule)
Placed MG in total at (-1.19, 10.89, -55.78).
(Replacing solvent molecule)
Placed MG in total at (9.36, -0.41, -0.40).
(Replacing solvent molecule)
Placed MG in total at (13.65, 25.61, -53.81).
(Replacing solvent molecule)
Placed MG in total at (-5.26, 17.08, -20.68).
(Replacing solvent molecule)
Placed MG in total at (-15.45, 16.97, 51.99).
(Replacing solvent molecule)
Placed MG in total at (9.85, 17.58, -34.71).
(Replacing solvent molecule)
Placed MG in total at (6.74, -5.60, -27.51).
(Replacing solvent molecule)
Placed MG in total at (-2.48, -4.00, 30.71).
(Replacing solvent molecule)
Placed MG in total at (17.53, 10.60, -52.93).
(Replacing solvent molecule)
Placed MG in total at (-17.66, -0.86, 2.02).
(Replacing solvent molecule)
Placed MG in total at (34.69, 8.14, -16.79).
(Replacing solvent molecule)
Placed MG in total at (-7.71, 24.27, 7.12).
(Replacing solvent molecule)
Placed MG in total at (-16.34, -17.33, 0.51).
(Replacing solvent molecule)
Placed MG in total at (-3.31, 11.07, -65.02).
(Replacing solvent molecule)
Placed MG in total at (-19.95, -19.65, -32.18).

Done adding ions.
> addIons total NA 204
Adding 204 counter ions to "total" using 1A grid
Total solute charge:  -90.00  Max atom radius:   2.10
Grid extends from solute vdw + 7.15  to  13.25
Box:
   enclosing:  -69.71 -69.95 -84.18   69.73 69.72 84.33
   sized:			      186.29 186.05 171.82
   edge:        256.00
Resolution:      1.00 Angstrom.
Tree depth: 8
Volume =  1.89% of box, grid points 316766
Solvent present: replacing closest with ion
	 when steric overlaps occur
Calculating grid charges
(Replacing solvent molecule)
Placed NA in total at (14.21, 14.64, -10.26).
(Replacing solvent molecule)
Placed NA in total at (29.29, 19.95, -7.19).
(Replacing solvent molecule)
Placed NA in total at (-13.35, 3.42, -21.36).
(Replacing solvent molecule)
Placed NA in total at (28.63, 17.58, -53.48).
(Replacing solvent molecule)
Placed NA in total at (10.22, -3.17, -62.29).
(Replacing solvent molecule)
Placed NA in total at (24.08, 14.08, 43.73).
(Replacing solvent molecule)
Placed NA in total at (-25.02, 31.10, 46.10).
(Replacing solvent molecule)
Placed NA in total at (40.87, 16.97, -4.33).
(Replacing solvent molecule)
Placed NA in total at (-16.95, 41.07, -25.48).
(Replacing solvent molecule)
Placed NA in total at (-25.49, 8.46, -29.70).
(Replacing solvent molecule)
Placed NA in total at (-8.26, 38.73, 30.36).
(Replacing solvent molecule)
Placed NA in total at (56.57, 6.33, 3.56).
(Replacing solvent molecule)
Placed NA in total at (11.82, -11.46, 36.37).
(Replacing solvent molecule)
Placed NA in total at (-39.57, -11.72, -9.93).
(Replacing solvent molecule)
Placed NA in total at (23.48, 30.84, 23.05).
(Replacing solvent molecule)
Placed NA in total at (1.26, -15.21, -67.60).
(Replacing solvent molecule)
Placed NA in total at (-42.18, 25.48, -24.53).
(Replacing solvent molecule)
Placed NA in total at (-9.39, -35.51, 16.68).
(Replacing solvent molecule)
Placed NA in total at (4.19, 33.36, 10.81).
(Replacing solvent molecule)
Placed NA in total at (23.71, 25.23, -58.99).
(Replacing solvent molecule)
Placed NA in total at (49.63, 13.36, 18.25).
(Replacing solvent molecule)
Placed NA in total at (43.73, -10.91, -23.87).
(Replacing solvent molecule)
Placed NA in total at (-21.07, 41.10, -60.77).
(Replacing solvent molecule)
Placed NA in total at (2.84, 35.12, 60.37).
(Replacing solvent molecule)
Placed NA in total at (-18.07, -3.03, -10.25).
(Replacing solvent molecule)
Placed NA in total at (29.56, -23.59, 34.48).
(Replacing solvent molecule)
Placed NA in total at (-36.43, -0.86, -35.53).
(Replacing solvent molecule)
Placed NA in total at (2.07, 47.06, -62.94).
(Replacing solvent molecule)
Placed NA in total at (-3.20, 17.59, 63.50).
(Replacing solvent molecule)
Placed NA in total at (27.17, 8.82, -63.73).
(Replacing solvent molecule)
Placed NA in total at (24.08, -23.47, -12.59).
(Replacing solvent molecule)
Placed NA in total at (19.90, 32.91, -13.78).
(Replacing solvent molecule)
Placed NA in total at (-42.81, 17.08, -58.23).
(Replacing solvent molecule)
Placed NA in total at (20.60, 3.52, 49.61).
(Replacing solvent molecule)
Placed NA in total at (-2.53, 43.86, 42.33).
(Replacing solvent molecule)
Placed NA in total at (13.83, -20.93, -64.45).
(Replacing solvent molecule)
Placed NA in total at (2.95, 51.88, -24.15).
(Replacing solvent molecule)
Placed NA in total at (52.86, 3.20, 36.73).
(Replacing solvent molecule)
Placed NA in total at (-49.14, -21.97, -5.85).
(Replacing solvent molecule)
Placed NA in total at (-25.43, 3.54, 66.95).
(Replacing solvent molecule)
Placed NA in total at (53.59, 0.66, -33.94).
(Replacing solvent molecule)
Placed NA in total at (5.44, -38.03, 2.92).
(Replacing solvent molecule)
Placed NA in total at (-1.60, 28.69, -63.03).
(Replacing solvent molecule)
Placed NA in total at (-58.33, -2.80, -9.33).
(Replacing solvent molecule)
Placed NA in total at (-34.71, -2.43, -52.27).
(Replacing solvent molecule)
Placed NA in total at (4.23, 39.56, 21.42).
(Replacing solvent molecule)
Placed NA in total at (36.37, -19.65, -50.95).
(Replacing solvent molecule)
Placed NA in total at (-26.89, -13.05, 47.52).
(Replacing solvent molecule)
Placed NA in total at (31.08, -32.86, 13.26).
(Replacing solvent molecule)
Placed NA in total at (47.19, 13.00, -15.58).
(Replacing solvent molecule)
Placed NA in total at (-36.88, 31.27, 2.90).
(Replacing solvent molecule)
Placed NA in total at (-3.20, -38.73, -49.15).
(Replacing solvent molecule)
Placed NA in total at (6.27, -9.28, 26.65).
(Replacing solvent molecule)
Placed NA in total at (20.90, 38.24, 47.96).
(Replacing solvent molecule)
Placed NA in total at (-35.43, 38.24, -27.13).
(Replacing solvent molecule)
Placed NA in total at (-24.04, 35.86, 54.41).
(Replacing solvent molecule)
Placed NA in total at (1.24, -1.12, -68.49).
(Replacing solvent molecule)
Placed NA in total at (52.32, -9.97, 26.54).
(Replacing solvent molecule)
Placed NA in total at (-10.22, 57.67, -33.91).
(Replacing solvent molecule)
Placed NA in total at (8.28, 19.68, -10.41).
(Replacing solvent molecule)
Placed NA in total at (-32.95, -23.14, -34.62).
(Replacing solvent molecule)
Placed NA in total at (26.46, 40.14, -55.10).
(Replacing solvent molecule)
Placed NA in total at (-3.44, -4.89, 76.34).
(Replacing solvent molecule)
Placed NA in total at (33.22, -15.56, 44.45).
(Replacing solvent molecule)
Placed NA in total at (42.99, 20.50, -28.79).
(Replacing solvent molecule)
Placed NA in total at (-36.97, 8.11, 47.83).
(Replacing solvent molecule)
Placed NA in total at (4.60, -34.14, -63.06).
(Replacing solvent molecule)
Placed NA in total at (-18.91, 22.33, -71.92).
(Replacing solvent molecule)
Placed NA in total at (-36.31, 17.65, -30.95).
(Replacing solvent molecule)
Placed NA in total at (-10.58, -16.79, 32.00).
(Replacing solvent molecule)
Placed NA in total at (46.11, -17.42, -15.13).
(Replacing solvent molecule)
Placed NA in total at (-4.33, -53.11, -30.65).
(Replacing solvent molecule)
Placed NA in total at (23.52, 48.03, -17.44).
(Replacing solvent molecule)
Placed NA in total at (10.67, 27.74, 61.42).
(Replacing solvent molecule)
Placed NA in total at (5.85, 60.55, -53.47).
(Replacing solvent molecule)
Placed NA in total at (41.75, 10.55, 29.39).
(Replacing solvent molecule)
Placed NA in total at (-60.96, -12.07, -5.76).
(Replacing solvent molecule)
Placed NA in total at (-36.97, -48.21, -27.27).
(Replacing solvent molecule)
Placed NA in total at (42.98, -34.12, 16.19).
(Replacing solvent molecule)
Placed NA in total at (-39.57, 25.83, -47.48).
(Replacing solvent molecule)
Placed NA in total at (-32.80, -8.29, 57.65).
(Replacing solvent molecule)
Placed NA in total at (4.23, -54.31, 2.65).
(Replacing solvent molecule)
Placed NA in total at (47.76, 34.38, -43.52).
(Replacing solvent molecule)
Placed NA in total at (45.83, 19.68, 8.36).
(Replacing solvent molecule)
Placed NA in total at (-55.57, 8.70, 20.23).
(Replacing solvent molecule)
Placed NA in total at (-10.18, -7.90, -23.70).
(Replacing solvent molecule)
Placed NA in total at (-17.74, 46.67, 45.17).
(Replacing solvent molecule)
Placed NA in total at (20.63, 20.26, -70.99).
(Replacing solvent molecule)
Placed NA in total at (-21.88, 41.19, -14.71).
(Replacing solvent molecule)
Placed NA in total at (-35.73, -34.03, 12.07).
(Replacing solvent molecule)
Placed NA in total at (40.80, -20.30, -38.02).
(Replacing solvent molecule)
Placed NA in total at (-33.61, -14.13, -66.52).
(Replacing solvent molecule)
Placed NA in total at (-10.75, 11.14, 73.11).
(Replacing solvent molecule)
Placed NA in total at (7.70, 61.47, -39.84).
(Replacing solvent molecule)
Placed NA in total at (58.14, -15.26, -6.71).
(Replacing solvent molecule)
Placed NA in total at (-32.95, 40.96, 30.81).
(Replacing solvent molecule)
Placed NA in total at (11.07, 5.50, 63.44).
(Replacing solvent molecule)
Placed NA in total at (-49.14, -40.75, -24.62).
(Replacing solvent molecule)
Placed NA in total at (-6.95, -11.46, -76.28).
(Replacing solvent molecule)
Placed NA in total at (11.11, -26.03, 20.18).
(Replacing solvent molecule)
Placed NA in total at (16.30, 33.55, 11.94).
(Replacing solvent molecule)
Placed NA in total at (40.80, -1.53, -56.79).
(Replacing solvent molecule)
Placed NA in total at (58.76, 1.44, 19.29).
(Replacing solvent molecule)
Placed NA in total at (-31.00, 38.57, -56.96).
(Replacing solvent molecule)
Placed NA in total at (-17.16, -31.13, -40.26).
(Replacing solvent molecule)
Placed NA in total at (26.42, 24.69, 43.03).
(Replacing solvent molecule)
Placed NA in total at (-40.80, 31.61, 13.65).
(Replacing solvent molecule)
Placed NA in total at (-7.84, 58.78, -52.11).
(Replacing solvent molecule)
Placed NA in total at (37.31, -26.09, 27.01).
(Replacing solvent molecule)
Placed NA in total at (-23.72, -58.48, -8.12).
(Replacing solvent molecule)
Placed NA in total at (-27.03, 19.95, 49.13).
(Replacing solvent molecule)
Placed NA in total at (7.67, 7.75, -76.72).
(Replacing solvent molecule)
Placed NA in total at (-43.56, 19.04, -6.13).
(Replacing solvent molecule)
Placed NA in total at (27.17, -33.95, -49.23).
(Replacing solvent molecule)
Placed NA in total at (21.02, -6.80, 53.43).
(Replacing solvent molecule)
Placed NA in total at (19.74, 47.28, 36.02).
(Replacing solvent molecule)
Placed NA in total at (-12.22, -17.75, 74.46).
(Replacing solvent molecule)
Placed NA in total at (-44.67, 8.09, -45.11).
(Replacing solvent molecule)
Placed NA in total at (0.61, -63.54, -7.59).
(Replacing solvent molecule)
Placed NA in total at (50.82, 9.16, -4.97).
(Replacing solvent molecule)
Placed NA in total at (-2.73, 38.21, -15.17).
(Replacing solvent molecule)
Placed NA in total at (-48.13, 1.98, 32.00).
(Replacing solvent molecule)
Placed NA in total at (-5.54, -44.80, 11.98).
(Replacing solvent molecule)
Placed NA in total at (23.76, -12.51, -63.44).
(Replacing solvent molecule)
Placed NA in total at (11.82, 44.87, -57.50).
(Replacing solvent molecule)
Placed NA in total at (-11.61, 45.62, 58.33).
(Replacing solvent molecule)
Placed NA in total at (-15.78, 7.88, -75.73).
(Replacing solvent molecule)
Placed NA in total at (-44.50, -30.23, -38.73).
(Replacing solvent molecule)
Placed NA in total at (39.99, -31.53, -8.10).
(Replacing solvent molecule)
Placed NA in total at (-64.98, -3.41, 1.50).
(Replacing solvent molecule)
Placed NA in total at (40.99, 45.46, -35.53).
(Replacing solvent molecule)
Placed NA in total at (-35.43, 19.47, -64.68).
(Replacing solvent molecule)
Placed NA in total at (34.45, 22.42, 22.84).
(Replacing solvent molecule)
Placed NA in total at (42.15, 14.41, -53.40).
(Replacing solvent molecule)
Placed NA in total at (-46.96, -56.74, -0.40).
(Replacing solvent molecule)
Placed NA in total at (70.53, -22.90, 8.51).
(Replacing solvent molecule)
Placed NA in total at (20.39, -31.13, 53.62).
(Replacing solvent molecule)
Placed NA in total at (2.43, 20.22, 0.51).
(Replacing solvent molecule)
Placed NA in total at (9.36, -0.41, 74.70).
(Replacing solvent molecule)
Placed NA in total at (55.22, -13.83, -49.01).
(Replacing solvent molecule)
Placed NA in total at (-33.32, 2.01, 58.97).
(Replacing solvent molecule)
Placed NA in total at (6.78, -45.85, -53.02).
(Replacing solvent molecule)
Placed NA in total at (-8.11, -31.83, 28.74).
(Replacing solvent molecule)
Placed NA in total at (-42.67, -1.08, -14.84).
(Replacing solvent molecule)
Placed NA in total at (-25.47, 50.90, 18.25).
(Replacing solvent molecule)
Placed NA in total at (52.25, 29.30, -31.95).
(Replacing solvent molecule)
Placed NA in total at (-17.65, 32.91, -70.11).
(Replacing solvent molecule)
Placed NA in total at (-7.99, -61.14, -21.84).
(Replacing solvent molecule)
Placed NA in total at (-25.47, -24.19, -75.62).
(Replacing solvent molecule)
Placed NA in total at (-63.27, -11.46, 36.37).
(Replacing solvent molecule)
Placed NA in total at (32.43, 36.47, -14.84).
(Replacing solvent molecule)
Placed NA in total at (53.57, -17.89, 13.77).
(Replacing solvent molecule)
Placed NA in total at (-15.45, 35.74, 70.77).
(Replacing solvent molecule)
Placed NA in total at (-22.87, 61.48, -46.65).
(Replacing solvent molecule)
Placed NA in total at (11.82, -30.23, -1.18).
(Replacing solvent molecule)
Placed NA in total at (4.99, 25.04, -82.21).
(Replacing solvent molecule)
Placed NA in total at (-27.82, -51.73, -41.96).
(Replacing solvent molecule)
Placed NA in total at (-39.92, 35.24, -16.41).
(Replacing solvent molecule)
Placed NA in total at (56.94, 11.56, 29.96).
(Replacing solvent molecule)
Placed NA in total at (-18.99, -15.99, 56.88).
(Replacing solvent molecule)
Placed NA in total at (-55.65, -43.72, -5.05).
(Replacing solvent molecule)
Placed NA in total at (16.13, 55.79, -45.32).
(Replacing solvent molecule)
Placed NA in total at (51.99, -15.56, 44.45).
(Replacing solvent molecule)
Placed NA in total at (21.73, -41.99, -61.70).
(Replacing solvent molecule)
Placed NA in total at (-17.54, -1.12, 81.70).
(Replacing solvent molecule)
Placed NA in total at (42.02, 41.20, -56.08).
(Replacing solvent molecule)
Placed NA in total at (-15.34, -67.18, 2.01).
(Replacing solvent molecule)
Placed NA in total at (-39.38, 33.77, -70.39).
(Replacing solvent molecule)
Placed NA in total at (11.07, 43.05, 44.67).
(Replacing solvent molecule)
Placed NA in total at (58.14, -34.03, -6.71).
(Replacing solvent molecule)
Placed NA in total at (-43.17, -18.33, -56.38).
(Replacing solvent molecule)
Placed NA in total at (-51.58, -27.07, 38.88).
(Replacing solvent molecule)
Placed NA in total at (16.47, 3.56, -60.77).
(Replacing solvent molecule)
Placed NA in total at (-42.34, 22.69, 39.39).
(Replacing solvent molecule)
Placed NA in total at (9.30, -20.11, 67.33).
(Replacing solvent molecule)
Placed NA in total at (-23.57, -14.86, -16.93).
(Replacing solvent molecule)
Placed NA in total at (1.03, 65.45, -29.93).
(Replacing solvent molecule)
Placed NA in total at (53.13, -1.18, -11.60).
(Replacing solvent molecule)
Placed NA in total at (32.75, 41.47, 39.39).
(Replacing solvent molecule)
Placed NA in total at (-32.95, -52.91, 12.03).
(Replacing solvent molecule)
Placed NA in total at (30.86, -42.97, -38.07).
(Replacing solvent molecule)
Placed NA in total at (5.30, 14.08, 81.28).
(Replacing solvent molecule)
Placed NA in total at (-24.27, -9.61, -80.07).
(Replacing solvent molecule)
Placed NA in total at (-65.47, 12.91, 9.74).
(Replacing solvent molecule)
Placed NA in total at (-15.28, 50.50, 1.07).
(Replacing solvent molecule)
Placed NA in total at (-55.36, -27.81, -20.30).
(Replacing solvent molecule)
Placed NA in total at (39.42, 0.85, 50.71).
(Replacing solvent molecule)
Placed NA in total at (-31.38, -63.76, -25.34).
(Replacing solvent molecule)
Placed NA in total at (54.48, 1.51, -48.68).
(Replacing solvent molecule)
Placed NA in total at (32.42, 25.61, 2.51).
(Replacing solvent molecule)
Placed NA in total at (-67.41, -16.18, 20.00).
(Replacing solvent molecule)
Placed NA in total at (-9.51, 44.89, -61.62).
(Replacing solvent molecule)
Placed NA in total at (16.93, -54.81, -11.13).
(Replacing solvent molecule)
Placed NA in total at (21.01, 8.70, -79.04).
(Replacing solvent molecule)
Placed NA in total at (-25.03, -14.01, 73.04).
(Replacing solvent molecule)
Placed NA in total at (-8.56, 53.15, 50.35).
(Replacing solvent molecule)
Placed NA in total at (28.07, 54.99, -26.54).
(Replacing solvent molecule)
Placed NA in total at (-40.75, -1.18, -67.92).
(Replacing solvent molecule)
Placed NA in total at (24.90, 17.47, 62.03).
(Replacing solvent molecule)
Placed NA in total at (67.63, -6.96, 5.53).
(Replacing solvent molecule)
Placed NA in total at (-34.23, -39.35, 33.22).
(Replacing solvent molecule)
Placed NA in total at (-29.88, -29.80, -57.94).
(Replacing solvent molecule)
Placed NA in total at (18.63, -34.00, 40.73).
(Replacing solvent molecule)
Placed NA in total at (-34.07, 51.57, -39.00).

Done adding ions.
> addIons total CL 114
Adding 114 counter ions to "total" using 1A grid
Total solute charge:  114.00  Max atom radius:   2.10
Grid extends from solute vdw + 13.18  to  19.28
Box:
   enclosing:  -86.69 -86.47 -101.50   89.82 84.73 100.98
   sized:			      169.31 169.53 154.50
   edge:        256.00
Resolution:      1.00 Angstrom.
Tree depth: 8
Volume =  3.15% of box, grid points 529167
Solvent present: replacing closest with ion
	 when steric overlaps occur
Calculating grid charges
(Replacing solvent molecule)
Placed CL in total at (20.01, -38.67, -12.17).
(Replacing solvent molecule)
Placed CL in total at (10.78, 32.73, -3.06).
(Replacing solvent molecule)
Placed CL in total at (-36.88, -25.05, 40.45).
(Replacing solvent molecule)
Placed CL in total at (8.02, -26.41, 35.56).
(Replacing solvent molecule)
Placed CL in total at (15.34, -4.89, -73.85).
(Replacing solvent molecule)
Placed CL in total at (27.17, 3.60, 63.42).
(Replacing solvent molecule)
Placed CL in total at (-44.67, -10.69, -26.34).
(Replacing solvent molecule)
Placed CL in total at (-30.38, 8.07, -73.09).
(Replacing solvent molecule)
Placed CL in total at (65.61, -9.27, 19.33).
(Replacing solvent molecule)
Placed CL in total at (-21.97, -38.73, 25.95).
(Replacing solvent molecule)
Placed CL in total at (-51.53, 22.87, 5.43).
(Replacing solvent molecule)
Placed CL in total at (30.45, 54.96, -41.82).
(Replacing solvent molecule)
Placed CL in total at (-35.43, -36.85, -45.91).
(Replacing solvent molecule)
Placed CL in total at (38.67, 14.13, 42.54).
(Replacing solvent molecule)
Placed CL in total at (19.80, -47.20, -48.70).
(Replacing solvent molecule)
Placed CL in total at (-26.06, 51.15, -26.03).
(Replacing solvent molecule)
Placed CL in total at (58.56, -10.07, -22.72).
(Replacing solvent molecule)
Placed CL in total at (-21.07, 22.33, 70.65).
(Replacing solvent molecule)
Placed CL in total at (-48.68, -31.63, 24.26).
(Replacing solvent molecule)
Placed CL in total at (-2.32, 38.57, -74.18).
(Replacing solvent molecule)
Placed CL in total at (-18.10, -62.60, -34.65).
(Replacing solvent molecule)
Placed CL in total at (42.93, 32.08, -4.75).
(Replacing solvent molecule)
Placed CL in total at (-8.11, 43.27, 9.97).
(Replacing solvent molecule)
Placed CL in total at (-19.11, 55.15, -61.37).
(Replacing solvent molecule)
Placed CL in total at (-3.71, 1.88, -84.24).
(Replacing solvent molecule)
Placed CL in total at (-36.42, -60.97, -13.78).
(Replacing solvent molecule)
Placed CL in total at (53.84, 14.77, -44.39).
(Replacing solvent molecule)
Placed CL in total at (3.49, 50.50, 57.39).
(Replacing solvent molecule)
Placed CL in total at (-40.78, 38.50, -39.86).
(Replacing solvent molecule)
Placed CL in total at (-68.65, -1.59, 14.96).
(Replacing solvent molecule)
Placed CL in total at (27.05, -36.65, 27.13).
(Replacing solvent molecule)
Placed CL in total at (-4.09, 5.16, 84.77).
(Replacing solvent molecule)
Placed CL in total at (-16.34, -36.10, -55.81).
(Replacing solvent molecule)
Placed CL in total at (48.21, 24.50, 28.74).
(Replacing solvent molecule)
Placed CL in total at (35.70, 20.29, -67.46).
(Replacing solvent molecule)
Placed CL in total at (-45.89, -1.84, 45.68).
(Replacing solvent molecule)
Placed CL in total at (-48.45, -6.32, -55.52).
(Replacing solvent molecule)
Placed CL in total at (-16.90, -55.47, 13.16).
(Replacing solvent molecule)
Placed CL in total at (15.31, 59.53, -19.60).
(Replacing solvent molecule)
Placed CL in total at (45.22, -29.80, -20.39).
(Replacing solvent molecule)
Placed CL in total at (-6.25, -25.22, 64.88).
(Replacing solvent molecule)
Placed CL in total at (-60.96, -30.84, -5.76).
(Replacing solvent molecule)
Placed CL in total at (8.02, -63.95, -20.77).
(Replacing solvent molecule)
Placed CL in total at (15.54, 19.73, 72.79).
(Replacing solvent molecule)
Placed CL in total at (5.38, 50.86, 32.79).
(Replacing solvent molecule)
Placed CL in total at (66.84, 1.18, -7.19).
(Replacing solvent molecule)
Placed CL in total at (-38.85, -28.72, -69.56).
(Replacing solvent molecule)
Placed CL in total at (-38.72, 36.68, 42.92).
(Replacing solvent molecule)
Placed CL in total at (-38.51, -5.07, 72.26).
(Replacing solvent molecule)
Placed CL in total at (-7.99, 70.28, -40.61).
(Replacing solvent molecule)
Placed CL in total at (41.49, -32.90, -47.75).
(Replacing solvent molecule)
Placed CL in total at (52.67, -24.21, 24.51).
(Replacing solvent molecule)
Placed CL in total at (19.48, 34.52, -66.57).
(Replacing solvent molecule)
Placed CL in total at (15.92, -48.18, 1.98).
(Replacing solvent molecule)
Placed CL in total at (-37.59, 42.78, -5.31).
(Replacing solvent molecule)
Placed CL in total at (43.22, -12.22, 56.57).
(Replacing solvent molecule)
Placed CL in total at (38.52, 47.28, -20.30).
(Replacing solvent molecule)
Placed CL in total at (33.90, -5.43, -69.36).
(Replacing solvent molecule)
Placed CL in total at (-13.98, -71.00, -13.35).
(Replacing solvent molecule)
Placed CL in total at (-48.97, 17.24, -36.61).
(Replacing solvent molecule)
Placed CL in total at (-47.93, -47.50, 11.36).
(Replacing solvent molecule)
Placed CL in total at (33.60, 35.53, 13.70).
(Replacing solvent molecule)
Placed CL in total at (-28.95, 29.65, -80.03).
(Replacing solvent molecule)
Placed CL in total at (-48.04, 19.68, 27.13).
(Replacing solvent molecule)
Placed CL in total at (-14.53, -19.49, -84.75).
(Replacing solvent molecule)
Placed CL in total at (-32.24, -23.47, 62.51).
(Replacing solvent molecule)
Placed CL in total at (34.29, 31.61, 51.20).
(Replacing solvent molecule)
Placed CL in total at (69.55, -26.03, -6.80).
(Replacing solvent molecule)
Placed CL in total at (-10.16, 50.63, -12.81).
(Replacing solvent molecule)
Placed CL in total at (-63.61, -23.94, 30.30).
(Replacing solvent molecule)
Placed CL in total at (33.45, -32.39, 47.22).
(Replacing solvent molecule)
Placed CL in total at (-32.95, 51.96, -53.40).
(Replacing solvent molecule)
Placed CL in total at (-4.47, 27.04, 74.20).
(Replacing solvent molecule)
Placed CL in total at (-56.46, -34.00, -34.37).
(Replacing solvent molecule)
Placed CL in total at (63.51, 15.58, 12.92).
(Replacing solvent molecule)
Placed CL in total at (4.92, -54.62, -42.30).
(Replacing solvent molecule)
Placed CL in total at (-24.29, 51.95, 33.50).
(Replacing solvent molecule)
Placed CL in total at (19.59, 58.52, -59.59).
(Replacing solvent molecule)
Placed CL in total at (-39.46, -10.80, -78.70).
(Replacing solvent molecule)
Placed CL in total at (21.01, -10.07, 71.15).
(Replacing solvent molecule)
Placed CL in total at (-36.43, 17.92, 58.34).
(Replacing solvent molecule)
Placed CL in total at (-66.50, 10.88, -4.93).
(Replacing solvent molecule)
Placed CL in total at (53.07, -5.94, -61.45).
(Replacing solvent molecule)
Placed CL in total at (-19.97, -26.66, 38.10).
(Replacing solvent molecule)
Placed CL in total at (47.40, -38.74, 2.84).
(Replacing solvent molecule)
Placed CL in total at (50.07, 49.87, -47.77).
(Replacing solvent molecule)
Placed CL in total at (-48.30, 29.92, -58.31).
(Replacing solvent molecule)
Placed CL in total at (-39.92, -58.63, -35.18).
(Replacing solvent molecule)
Placed CL in total at (18.88, 20.86, -84.53).
(Replacing solvent molecule)
Placed CL in total at (-16.33, -12.76, 85.77).
(Replacing solvent molecule)
Placed CL in total at (15.67, -33.91, -71.03).
(Replacing solvent molecule)
Placed CL in total at (-30.77, -64.62, 3.31).
(Replacing solvent molecule)
Placed CL in total at (56.61, 24.80, -18.22).
(Replacing solvent molecule)
Placed CL in total at (28.40, 50.46, 47.29).
(Replacing solvent molecule)
Placed CL in total at (-24.04, 54.63, 54.41).
(Replacing solvent molecule)
Placed CL in total at (2.84, -39.98, 22.82).
(Replacing solvent molecule)
Placed CL in total at (-4.09, 61.48, -65.42).
(Replacing solvent molecule)
Placed CL in total at (24.15, -43.01, -23.53).
(Replacing solvent molecule)
Placed CL in total at (61.63, -4.70, 43.73).
(Replacing solvent molecule)
Placed CL in total at (-62.79, 4.69, 32.03).
(Replacing solvent molecule)
Placed CL in total at (-8.26, 19.95, -82.29).
(Replacing solvent molecule)
Placed CL in total at (-60.37, -12.96, -22.06).
(Replacing solvent molecule)
Placed CL in total at (-22.63, -63.29, -53.42).
(Replacing solvent molecule)
Placed CL in total at (-39.46, 45.53, 15.17).
(Replacing solvent molecule)
Placed CL in total at (64.34, -7.63, -39.54).
(Replacing solvent molecule)
Placed CL in total at (1.86, -17.29, 79.20).
(Replacing solvent molecule)
Placed CL in total at (-1.30, -66.27, 5.54).
(Replacing solvent molecule)
Placed CL in total at (19.02, 43.88, 22.34).
(No solvent overlap)
Placed CL in total at (25.31, -1.47, -94.50).
(Replacing solvent molecule)
Placed CL in total at (-53.54, -50.93, -17.30).
(Replacing solvent molecule)
Placed CL in total at (-53.35, 27.16, -13.40).
(Replacing solvent molecule)
Placed CL in total at (21.51, 66.84, -33.97).
(Replacing solvent molecule)
Placed CL in total at (-46.68, 13.00, -71.91).
(Replacing solvent molecule)
Placed CL in total at (49.37, 26.09, -57.50).

Done adding ions.
> 
> saveamberparm total J117_total.prmtop J117_total.inpcrd
Checking Unit.
Building topology.
Building atom parameters.
Building bond parameters.
Building angle parameters.
Building proper torsion parameters.
Building improper torsion parameters.
old PREP-specified impropers:
 <dgt 2202>:  C8   C4   N9   C1' 
 <dgt 2202>:  C5   N1   C6   O6  
 <dgt 2202>:  C6   C2   N1   H1  
 <dgt 2202>:  C2   H21  N2   H22 
 <dgt 2202>:  N7   N9   C8   H8  
 <dgt 2202>:  N1   N3   C2   N2  
 total 7309 improper torsions applied
 6 improper torsions in old prep form
Building H-Bond parameters.
Incorporating Non-Bonded adjustments.
Not Marking per-residue atom chain types.
Marking per-residue atom chain types.
  (Residues lacking connect0/connect1 - 
   these don't have chain types marked:

	res	total affected

	CALA	1
	CLEU	2
	CLYS	1
	CTYR	1
	NMET	5
	WAT	98629
  )
 (no restraints)
> 
> quit
	Quit

Exiting LEaP: Errors = 0; Warnings = 0; Notes = 0.
