log started: Thu Feb 12 13:48:34 2026

Log file: ./leap.log
>> #
>> # ----- leaprc for loading the ff14SB force field
>> # ----- NOTE: this is designed for PDB format 3!
>> #    Uses frcmod.ff14SB for proteins; ff99bsc0 for DNA; ff99bsc0_chiOL3 for RNA
>> #
>> #	load atom type hybridizations
>> #
>> addAtomTypes {
>> 	{ "H"   "H" "sp3" }
>> 	{ "HO"  "H" "sp3" }
>> 	{ "HS"  "H" "sp3" }
>> 	{ "H1"  "H" "sp3" }
>> 	{ "H2"  "H" "sp3" }
>> 	{ "H3"  "H" "sp3" }
>> 	{ "H4"  "H" "sp3" }
>> 	{ "H5"  "H" "sp3" }
>> 	{ "HW"  "H" "sp3" }
>> 	{ "HC"  "H" "sp3" }
>> 	{ "HA"  "H" "sp3" }
>> 	{ "HP"  "H" "sp3" }
>> 	{ "HZ"  "H" "sp3" }
>> 	{ "OH"  "O" "sp3" }
>> 	{ "OS"  "O" "sp3" }
>> 	{ "O"   "O" "sp2" }
>> 	{ "O2"  "O" "sp2" }
>> 	{ "OP"  "O" "sp2" }
>> 	{ "OW"  "O" "sp3" }
>> 	{ "CT"  "C" "sp3" }
>> 	{ "CX"  "C" "sp3" }
>> 	{ "C8"  "C" "sp3" }
>> 	{ "2C"  "C" "sp3" }
>> 	{ "3C"  "C" "sp3" }
>> 	{ "CH"  "C" "sp3" }
>> 	{ "CS"  "C" "sp2" }
>> 	{ "C"   "C" "sp2" }
>> 	{ "CO"   "C" "sp2" }
>> 	{ "C*"  "C" "sp2" }
>> 	{ "CA"  "C" "sp2" }
>> 	{ "CB"  "C" "sp2" }
>> 	{ "CC"  "C" "sp2" }
>> 	{ "CN"  "C" "sp2" }
>> 	{ "CM"  "C" "sp2" }
>> 	{ "CK"  "C" "sp2" }
>> 	{ "CQ"  "C" "sp2" }
>> 	{ "CD"  "C" "sp2" }
>> 	{ "C5"  "C" "sp2" }
>> 	{ "C4"  "C" "sp2" }
>> 	{ "CP"  "C" "sp2" }
>> 	{ "CI"  "C" "sp3" }
>> 	{ "CJ"  "C" "sp2" }
>> 	{ "CW"  "C" "sp2" }
>> 	{ "CV"  "C" "sp2" }
>> 	{ "CR"  "C" "sp2" }
>> 	{ "CA"  "C" "sp2" }
>> 	{ "CY"  "C" "sp2" }
>> 	{ "C0"  "Ca" "sp3" }
>> 	{ "MG"  "Mg" "sp3" }
>> 	{ "N"   "N" "sp2" }
>> 	{ "NA"  "N" "sp2" }
>> 	{ "N2"  "N" "sp2" }
>> 	{ "N*"  "N" "sp2" }
>> 	{ "NP"  "N" "sp2" }
>> 	{ "NQ"  "N" "sp2" }
>> 	{ "NB"  "N" "sp2" }
>> 	{ "NC"  "N" "sp2" }
>> 	{ "NT"  "N" "sp3" }
>> 	{ "NY"  "N" "sp2" }
>> 	{ "N3"  "N" "sp3" }
>> 	{ "S"   "S" "sp3" }
>> 	{ "SH"  "S" "sp3" }
>> 	{ "P"   "P" "sp3" }
>> 	{ "LP"  ""  "sp3" }
>> 	{ "EP"  ""  "sp3" }
>> 	{ "F"   "F" "sp3" }
>> 	{ "Cl"  "Cl" "sp3" }
>> 	{ "Br"  "Br" "sp3" }
>> 	{ "I"   "I"  "sp3" }
>> 	{ "F-"   "F" "sp3" }
>> 	{ "Cl-"  "Cl" "sp3" }
>> 	{ "Br-"  "Br" "sp3" }
>> 	{ "I-"   "I"  "sp3" }
>> 	{ "Li+"  "Li"  "sp3" }
>> 	{ "Na+"  "Na"  "sp3" }
>> 	{ "K+"  "K"  "sp3" }
>> 	{ "Rb+"  "Rb"  "sp3" }
>> 	{ "Cs+"  "Cs"  "sp3" }
>> 	{ "Mg+"  "Mg"  "sp3" }
>> # glycam
>> 	{ "OG"  "O" "sp3" }
>> 	{ "OL"  "O" "sp3" }
>> 	{ "AC"  "C" "sp3" }
>> 	{ "EC"  "C" "sp3" }
>> }
>> #
>> #	Load the main parameter set.
>> #
>> parm10 = loadamberparams parm10.dat
Loading parameters: /Users/qiangzhu/Documents/amber24_install/dat/leap/parm/parm10.dat
Reading title:
PARM99 + frcmod.ff99SB + frcmod.parmbsc0 + OL3 for RNA
>> frcmod14SB = loadamberparams frcmod.ff14SB
Loading parameters: /Users/qiangzhu/Documents/amber24_install/dat/leap/parm/frcmod.ff14SB
Reading force field modification type file (frcmod)
Reading title:
ff14SB protein backbone and sidechain parameters
>> #
>> #	Load main chain and terminating amino acid libraries, nucleic acids
>> #
>> loadOff amino12.lib
Loading library: /Users/qiangzhu/Documents/amber24_install/dat/leap/lib/amino12.lib
Loading: ALA
Loading: ARG
Loading: ASH
Loading: ASN
Loading: ASP
Loading: CYM
Loading: CYS
Loading: CYX
Loading: GLH
Loading: GLN
Loading: GLU
Loading: GLY
Loading: HID
Loading: HIE
Loading: HIP
Loading: HYP
Loading: ILE
Loading: LEU
Loading: LYN
Loading: LYS
Loading: MET
Loading: PHE
Loading: PRO
Loading: SER
Loading: THR
Loading: TRP
Loading: TYR
Loading: VAL
>> loadOff aminoct12.lib
Loading library: /Users/qiangzhu/Documents/amber24_install/dat/leap/lib/aminoct12.lib
Loading: CALA
Loading: CARG
Loading: CASN
Loading: CASP
Loading: CCYS
Loading: CCYX
Loading: CGLN
Loading: CGLU
Loading: CGLY
Loading: CHID
Loading: CHIE
Loading: CHIP
Loading: CHYP
Loading: CILE
Loading: CLEU
Loading: CLYS
Loading: CMET
Loading: CPHE
Loading: CPRO
Loading: CSER
Loading: CTHR
Loading: CTRP
Loading: CTYR
Loading: CVAL
Loading: NHE
Loading: NME
>> loadOff aminont12.lib
Loading library: /Users/qiangzhu/Documents/amber24_install/dat/leap/lib/aminont12.lib
Loading: ACE
Loading: NALA
Loading: NARG
Loading: NASN
Loading: NASP
Loading: NCYS
Loading: NCYX
Loading: NGLN
Loading: NGLU
Loading: NGLY
Loading: NHID
Loading: NHIE
Loading: NHIP
Loading: NILE
Loading: NLEU
Loading: NLYS
Loading: NMET
Loading: NPHE
Loading: NPRO
Loading: NSER
Loading: NTHR
Loading: NTRP
Loading: NTYR
Loading: NVAL
>> loadOff nucleic12.lib
Loading library: /Users/qiangzhu/Documents/amber24_install/dat/leap/lib/nucleic12.lib
Loading: A
Loading: A3
Loading: A5
Loading: AN
Loading: C
Loading: C3
Loading: C5
Loading: CN
Loading: DA
Loading: DA3
Loading: DA5
Loading: DAN
Loading: DC
Loading: DC3
Loading: DC5
Loading: DCN
Loading: DG
Loading: DG3
Loading: DG5
Loading: DGN
Loading: DT
Loading: DT3
Loading: DT5
Loading: DTN
Loading: G
Loading: G3
Loading: G5
Loading: GN
Loading: OHE
Loading: U
Loading: U3
Loading: U5
Loading: UN
>> #
>> #       Load water and ions
>> # 
>> loadOff atomic_ions.lib
Loading library: /Users/qiangzhu/Documents/amber24_install/dat/leap/lib/atomic_ions.lib
Loading: AG
Loading: AL
Loading: Ag
Loading: BA
Loading: BR
Loading: Be
Loading: CA
Loading: CD
Loading: CE
Loading: CL
Loading: CO
Loading: CR
Loading: CS
Loading: CU
Loading: CU1
Loading: Ce
Loading: Cl-
Loading: Cr
Loading: Dy
Loading: EU
Loading: EU3
Loading: Er
Loading: F
Loading: FE
Loading: FE2
Loading: GD3
Loading: H3O+
Loading: HE+
Loading: HG
Loading: HZ+
Loading: Hf
Loading: IN
Loading: IOD
Loading: K
Loading: K+
Loading: LA
Loading: LI
Loading: LU
Loading: MG
Loading: MN
Loading: NA
Loading: NH4
Loading: NI
Loading: Na+
Loading: Nd
Loading: PB
Loading: PD
Loading: PR
Loading: PT
Loading: Pu
Loading: RB
Loading: Ra
Loading: SM
Loading: SR
Loading: Sm
Loading: Sn
Loading: TB
Loading: TL
Loading: Th
Loading: Tl
Loading: Tm
Loading: U4+
Loading: V2+
Loading: Y
Loading: YB2
Loading: ZN
Loading: Zr
>> loadOff solvents.lib
Loading library: /Users/qiangzhu/Documents/amber24_install/dat/leap/lib/solvents.lib
Loading: CHCL3BOX
Loading: DC4
Loading: FB3
Loading: FB3BOX
Loading: FB4
Loading: FB4BOX
Loading: MEOHBOX
Loading: NMABOX
Loading: O3P
Loading: OP3
Loading: OPC
Loading: OPC3BOX
Loading: OPC3POLBOX
Loading: OPCBOX
Loading: PL3
Loading: POL3BOX
Loading: QSPCFWBOX
Loading: SPC
Loading: SPCBOX
Loading: SPCFWBOX
Loading: SPF
Loading: SPG
Loading: T4E
Loading: TIP3PBOX
Loading: TIP3PFBOX
Loading: TIP4PBOX
Loading: TIP4PEWBOX
Loading: TIP5PBOX
Loading: TP3
Loading: TP4
Loading: TP5
Loading: TPF
>> HOH = TP3
>> WAT = TP3
>> 
>> #
>> #	Define the PDB name map for the amino acids and nucleic acids
>> #
>> addPdbResMap {
>>   { 0 "HYP" "NHYP" } { 1 "HYP" "CHYP" }
>>   { 0 "ALA" "NALA" } { 1 "ALA" "CALA" }
>>   { 0 "ARG" "NARG" } { 1 "ARG" "CARG" }
>>   { 0 "ASN" "NASN" } { 1 "ASN" "CASN" }
>>   { 0 "ASP" "NASP" } { 1 "ASP" "CASP" }
>>   { 0 "CYS" "NCYS" } { 1 "CYS" "CCYS" }
>>   { 0 "CYX" "NCYX" } { 1 "CYX" "CCYX" }
>>   { 0 "GLN" "NGLN" } { 1 "GLN" "CGLN" }
>>   { 0 "GLU" "NGLU" } { 1 "GLU" "CGLU" }
>>   { 0 "GLY" "NGLY" } { 1 "GLY" "CGLY" }
>>   { 0 "HID" "NHID" } { 1 "HID" "CHID" }
>>   { 0 "HIE" "NHIE" } { 1 "HIE" "CHIE" }
>>   { 0 "HIP" "NHIP" } { 1 "HIP" "CHIP" }
>>   { 0 "ILE" "NILE" } { 1 "ILE" "CILE" }
>>   { 0 "LEU" "NLEU" } { 1 "LEU" "CLEU" }
>>   { 0 "LYS" "NLYS" } { 1 "LYS" "CLYS" }
>>   { 0 "MET" "NMET" } { 1 "MET" "CMET" }
>>   { 0 "PHE" "NPHE" } { 1 "PHE" "CPHE" }
>>   { 0 "PRO" "NPRO" } { 1 "PRO" "CPRO" }
>>   { 0 "SER" "NSER" } { 1 "SER" "CSER" }
>>   { 0 "THR" "NTHR" } { 1 "THR" "CTHR" }
>>   { 0 "TRP" "NTRP" } { 1 "TRP" "CTRP" }
>>   { 0 "TYR" "NTYR" } { 1 "TYR" "CTYR" }
>>   { 0 "VAL" "NVAL" } { 1 "VAL" "CVAL" }
>>   { 0 "HIS" "NHIS" } { 1 "HIS" "CHIS" }
>>   { 0 "G" "G5"  } { 1 "G" "G3"  } 
>>   { 0 "A" "A5"  } { 1 "A" "A3"  } 
>>   { 0 "C" "C5"  } { 1 "C" "C3"  } 
>>   { 0 "U" "U5"  } { 1 "U" "U3"  } 
>>   { 0 "DG" "DG5"  } { 1 "DG" "DG3"  }  
>>   { 0 "DA" "DA5"  } { 1 "DA" "DA3"  }  
>>   { 0 "DC" "DC5"  } { 1 "DC" "DC3"  }  
>>   { 0 "DT" "DT5"  } { 1 "DT" "DT3"  }  
>> #  some old Amber residue names for RNA:
>>   { 0  "RA5" "A5" } { 1 "RA3" "A3"} {"RA" "A" }
>>   { 0  "RC5" "C5" } { 1 "RC3" "C3"} {"RC" "C" }
>>   { 0  "RG5" "G5" } { 1 "RG3" "G3"} {"RG" "G" }
>>   { 0  "RU5" "U5" } { 1 "RU3" "U3"} {"RU" "U" }
>> #  some really old Amber residue names, assuming DNA:
>>   { 0 "GUA" "DG5"  } { 1 "GUA" "DG3"  } { "GUA" "DG" }
>>   { 0 "ADE" "DA5"  } { 1 "ADE" "DA3"  } { "ADE" "DA" }
>>   { 0 "CYT" "DC5"  } { 1 "CYT" "DC3"  } { "CYT" "DC" }
>>   { 0 "THY" "DT5"  } { 1 "THY" "DT3"  } { "THY" "DT" }
>> #  uncomment out the following if you have this old style RNA files:
>> # { 0 "GUA" "G5"  } { 1 "GUA" "G3"  } { "GUA" "G" }
>> # { 0 "ADE" "A5"  } { 1 "ADE" "A3"  } { "ADE" "A" }
>> # { 0 "CYT" "C5"  } { 1 "CYT" "C3"  } { "CYT" "C" }
>> # { 0 "URA" "R5"  } { 1 "URA" "R3"  } { "URA" "R" }
>> 
>> }
>> 
>> #  try to be good about reading in really old atom names as well:
>> addPdbAtomMap {
>>   { "O5*" "O5'" }
>>   { "C5*" "C5'" }
>>   { "C4*" "C4'" }
>>   { "O4*" "O4'" }
>>   { "C3*" "C3'" }
>>   { "O3*" "O3'" }
>>   { "C2*" "C2'" }
>>   { "O2*" "O2'" }
>>   { "C1*" "C1'" }
>>   { "C5M" "C7"  }
>>   { "H1*" "H1'" }
>>   { "H2*1" "H2'" }
>>   { "H2*2" "H2''" }
>>   { "H2'1" "H2'" }
>>   { "H2'2" "H2''" }
>>   { "H3*" "H3'" }
>>   { "H4*" "H4'" }
>>   { "H5*1" "H5'" }
>>   { "H5*2" "H5''" }
>>   { "H5'1" "H5'" }
>>   { "H5'2" "H5''" }
>>   { "HO'2" "HO2'" }
>>   { "H5T"  "HO5'" }
>>   { "H3T"  "HO3'" }
>>   { "O1'" "O4'" }
>>   { "OA"  "OP1" }
>>   { "OB"  "OP2" }
>>   { "O1P" "OP1" }
>>   { "O2P" "OP2" }
>> }
>> 
>> #
>> # assume that most often proteins use HIE
>> #
>> NHIS = NHIE
>> HIS = HIE
>> CHIS = CHIE
>> 
> 
> 
> addAtomTypes {
>     { "C7"  "C" "sp3" }
>     { "CJ"  "C" "sp3" }
>         { "C1"  "C" "sp2" }
>         { "C2"  "C" "sp2" }
> }
> 
> loadoff ff-DNA-OL24/ff-nucleic-OL24.lib
Loading library: ./ff-DNA-OL24/ff-nucleic-OL24.lib
Loading: DA
Loading: DA3
Loading: DA5
Loading: DAN
Loading: DC
Loading: DC3
Loading: DC5
Loading: DCN
Loading: DG
Loading: DG3
Loading: DG5
Loading: DGN
Loading: DT
Loading: DT3
Loading: DT5
Loading: DTN
> loadamberparams ff-DNA-OL24/ff-nucleic-OL24.frcmod
Loading parameters: ./ff-DNA-OL24/ff-nucleic-OL24.frcmod
Reading force field modification type file (frcmod)
Reading title:
OL24 parameters for DNA, see http://ffol.upol.cz
> 
> # for capping 5'-term of DNA with PO3H
> #loadoff terminal_monophosphate.lib
> 
> 
> source leaprc.water.spce
----- Source: /Users/qiangzhu/Documents/amber24_install/dat/leap/cmd/leaprc.water.spce
----- Source of /Users/qiangzhu/Documents/amber24_install/dat/leap/cmd/leaprc.water.spce done
>> #
>> #       Load water and ions for SPC/E + Joung-Chetham monovalent ions
>> #       + Li/Merz highly charged ions (+2 to +4, 12-6 normal usage set)
>> #
>> addAtomTypes {
>> 	{ "F-"   "F" "sp3" }
>> 	{ "Cl-"  "Cl" "sp3" }
>> 	{ "Br-"  "Br" "sp3" }
>> 	{ "I-"   "I"  "sp3" }
>> 	{ "Li+"  "Li"  "sp3" }
>> 	{ "Na+"  "Na"  "sp3" }
>> 	{ "K+"  "K"  "sp3" }
>> 	{ "Rb+"  "Rb"  "sp3" }
>> 	{ "Cs+"  "Cs"  "sp3" }
>> 	{ "Mg+"  "Mg"  "sp3" }
>>     { "Tl+"  "Tl"  "sp3" }
>>     { "Cu+"  "Cu"  "sp3" }
>>     { "Ag+"  "Ag"  "sp3" }
>>     { "Be2+" "Be"  "sp3" }
>>     { "Cu2+" "Cu"  "sp3" }
>>     { "Ni2+" "Ni"  "sp3" }
>>     { "Pt2+" "Pt"  "sp3" }
>>     { "Zn2+" "Zn"  "sp3" }
>>     { "Co2+" "Co"  "sp3" }
>>     { "Pd2+" "Pd"  "sp3" }
>>     { "Ag2+" "Ag"  "sp3" }
>>     { "Cr2+" "Cr"  "sp3" }
>>     { "Fe2+" "Fe"  "sp3" }
>>     { "Mg2+" "Mg"  "sp3" }
>>     { "V2+"  "V"   "sp3" }
>>     { "Mn2+" "Mn"  "sp3" }
>>     { "Hg2+" "Hg"  "sp3" }
>>     { "Cd2+" "Cd"  "sp3" }
>>     { "Yb2+" "Yb"  "sp3" }
>>     { "Ca2+" "Ca"  "sp3" }
>>     { "Sn2+" "Sn"  "sp3" }
>>     { "Pb2+" "Pb"  "sp3" }
>>     { "Eu2+" "Eu"  "sp3" }
>>     { "Sr2+" "Sr"  "sp3" }
>>     { "Sm2+" "Sm"  "sp3" }
>>     { "Ba2+" "Ba"  "sp3" }
>>     { "Ra2+" "Ra"  "sp3" }
>>     { "Al3+" "Al"  "sp3" }
>>     { "Fe3+" "Fe"  "sp3" }
>>     { "Cr3+" "Cr"  "sp3" }
>>     { "In3+" "In"  "sp3" }
>>     { "Tl3+" "Tl"  "sp3" }
>>     { "Y3+"  "Y"   "sp3" }
>>     { "La3+" "La"  "sp3" }
>>     { "Ce3+" "Ce"  "sp3" }
>>     { "Pr3+" "Pr"  "sp3" }
>>     { "Nd3+" "Nd"  "sp3" }
>>     { "Sm3+" "Sm"  "sp3" }
>>     { "Eu3+" "Eu"  "sp3" }
>>     { "Gd3+" "Gd"  "sp3" }
>>     { "Tb3+" "Tb"  "sp3" }
>>     { "Dy3+" "Dy"  "sp3" }
>>     { "Er3+" "Er"  "sp3" }
>>     { "Tm3+" "Tm"  "sp3" }
>>     { "Lu3+" "Lu"  "sp3" }
>>     { "Hf4+" "Hf"  "sp3" }
>>     { "Zr4+" "Zr"  "sp3" }
>>     { "Ce4+" "Ce"  "sp3" }
>>     { "U4+"  "U"   "sp3" }
>>     { "Pu4+" "Pu"  "sp3" }
>>     { "Th4+" "Th"  "sp3" }
>>     { "OW"   "O"   "sp3" }
>>     { "HW"   "H"   "sp3" }
>> }
>> loadOff atomic_ions.lib
Loading library: /Users/qiangzhu/Documents/amber24_install/dat/leap/lib/atomic_ions.lib
Loading: AG
Loading: AL
Loading: Ag
Loading: BA
Loading: BR
Loading: Be
Loading: CA
Loading: CD
Loading: CE
Loading: CL
Loading: CO
Loading: CR
Loading: CS
Loading: CU
Loading: CU1
Loading: Ce
Loading: Cl-
Loading: Cr
Loading: Dy
Loading: EU
Loading: EU3
Loading: Er
Loading: F
Loading: FE
Loading: FE2
Loading: GD3
Loading: H3O+
Loading: HE+
Loading: HG
Loading: HZ+
Loading: Hf
Loading: IN
Loading: IOD
Loading: K
Loading: K+
Loading: LA
Loading: LI
Loading: LU
Loading: MG
Loading: MN
Loading: NA
Loading: NH4
Loading: NI
Loading: Na+
Loading: Nd
Loading: PB
Loading: PD
Loading: PR
Loading: PT
Loading: Pu
Loading: RB
Loading: Ra
Loading: SM
Loading: SR
Loading: Sm
Loading: Sn
Loading: TB
Loading: TL
Loading: Th
Loading: Tl
Loading: Tm
Loading: U4+
Loading: V2+
Loading: Y
Loading: YB2
Loading: ZN
Loading: Zr
>> loadOff solvents.lib
Loading library: /Users/qiangzhu/Documents/amber24_install/dat/leap/lib/solvents.lib
Loading: CHCL3BOX
Loading: DC4
Loading: FB3
Loading: FB3BOX
Loading: FB4
Loading: FB4BOX
Loading: MEOHBOX
Loading: NMABOX
Loading: O3P
Loading: OP3
Loading: OPC
Loading: OPC3BOX
Loading: OPC3POLBOX
Loading: OPCBOX
Loading: PL3
Loading: POL3BOX
Loading: QSPCFWBOX
Loading: SPC
Loading: SPCBOX
Loading: SPCFWBOX
Loading: SPF
Loading: SPG
Loading: T4E
Loading: TIP3PBOX
Loading: TIP3PFBOX
Loading: TIP4PBOX
Loading: TIP4PEWBOX
Loading: TIP5PBOX
Loading: TP3
Loading: TP4
Loading: TP5
Loading: TPF
>> HOH = SPC
>> WAT = SPC
>> loadAmberParams frcmod.spce
Loading parameters: /Users/qiangzhu/Documents/amber24_install/dat/leap/parm/frcmod.spce
Reading force field modification type file (frcmod)
Reading title:
This is the additional/replacement parameter set for SPC/E water
>> loadAmberParams frcmod.ionsjc_spce
Loading parameters: /Users/qiangzhu/Documents/amber24_install/dat/leap/parm/frcmod.ionsjc_spce
Reading force field modification type file (frcmod)
Reading title:
Monovalent ion parameters for Ewald and SPC/E water from Joung & Cheatham JPCB (2008)
>> loadAmberParams frcmod.ions234lm_126_spce
Loading parameters: /Users/qiangzhu/Documents/amber24_install/dat/leap/parm/frcmod.ions234lm_126_spce
Reading force field modification type file (frcmod)
Reading title:
Li/Merz ion parameters of divalent to tetravalent ions for SPC/E water model (12-6 normal usage set)
>> 
> 
> 
> total = loadpdb J97_initial.amber.pdb
Loading PDB file: ./J97_initial.amber.pdb
Matching PDB residue names to LEaP variables.
Mapped residue MET, term: Terminal/beginning, seq. number: 0 to: NMET.
Mapped residue LEU, term: Terminal/last, seq. number: 365 to: CLEU.
Mapped residue MET, term: Terminal/beginning, seq. number: 366 to: NMET.
Mapped residue LEU, term: Terminal/last, seq. number: 731 to: CLEU.
Mapped residue MET, term: Terminal/beginning, seq. number: 732 to: NMET.
Mapped residue ALA, term: Terminal/last, seq. number: 974 to: CALA.
Mapped residue MET, term: Terminal/beginning, seq. number: 975 to: NMET.
Mapped residue LYS, term: Terminal/last, seq. number: 1050 to: CLYS.
Mapped residue DT, term: Terminal/beginning, seq. number: 1051 to: DT5.
Mapped residue DG, term: Terminal/last, seq. number: 1089 to: DG3.
Mapped residue MET, term: Terminal/beginning, seq. number: 1090 to: NMET.
Mapped residue TYR, term: Terminal/last, seq. number: 2169 to: CTYR.
Mapped residue DC, term: Terminal/beginning, seq. number: 2171 to: DC5.
Mapped residue DC, term: Terminal/last, seq. number: 2199 to: DC3.
  Added missing heavy atom: .R<CTYR 2170>.A<OXT 22>
  total atoms in file: 18075
  Leap added 17488 missing atoms according to residue templates:
       1 Heavy
       17487 H / lone pairs
> 
> solvatebox total SPCBOX 14.0
  Solute vdw bounding box:              118.525 113.794 136.238
  Total bounding box for atom centers:  146.525 141.794 164.238
  Solvent unit box:                     18.774 18.774 18.774
The number of boxes:  x= 8  y= 8  z= 9
  Total vdw box size:                   149.255 144.821 167.334 angstroms.
  Volume: 3616965.865 A^3 
  Total mass 1939936.025 amu,  Density 0.891 g/cc
  Added 93334 residues.
> addIons total MG 21
Adding 21 counter ions to "total" using 1A grid
Total solute charge:  -130.00  Max atom radius:   2.10
Grid extends from solute vdw + 3.81  to  9.91
Box:
   enclosing:  -67.45 -65.04 -76.54   67.75 65.43 76.60
   sized:			      188.55 190.96 179.46
   edge:        256.00
Resolution:      1.00 Angstrom.
Tree depth: 8
Volume =  1.91% of box, grid points 319983
Solvent present: replacing closest with ion
	 when steric overlaps occur
Calculating grid charges
(Replacing solvent molecule)
Placed MG in total at (5.11, 6.50, 2.26).
(Replacing solvent molecule)
Placed MG in total at (-6.83, 7.55, 8.19).
(Replacing solvent molecule)
Placed MG in total at (0.79, 12.73, -25.27).
(Replacing solvent molecule)
Placed MG in total at (-8.14, 1.41, -16.59).
(Replacing solvent molecule)
Placed MG in total at (8.22, 5.00, -37.33).
(Replacing solvent molecule)
Placed MG in total at (6.57, -1.36, 5.56).
(Replacing solvent molecule)
Placed MG in total at (7.60, 21.28, -55.10).
(Replacing solvent molecule)
Placed MG in total at (-9.01, 13.24, 12.57).
(Replacing solvent molecule)
Placed MG in total at (-5.38, 9.40, -51.92).
(Replacing solvent molecule)
Placed MG in total at (11.05, 2.70, -5.18).
(Replacing solvent molecule)
Placed MG in total at (19.57, 12.84, -52.00).
(Replacing solvent molecule)
Placed MG in total at (-44.53, -15.89, -2.48).
(Replacing solvent molecule)
Placed MG in total at (-16.22, -17.10, 28.66).
(Replacing solvent molecule)
Placed MG in total at (-1.72, 20.52, -39.31).
(Replacing solvent molecule)
Placed MG in total at (-18.36, 25.04, 47.48).
(Replacing solvent molecule)
Placed MG in total at (31.21, 4.92, -14.92).
(Replacing solvent molecule)
Placed MG in total at (-7.35, -6.73, -22.65).
(Replacing solvent molecule)
Placed MG in total at (-14.46, -3.95, 1.41).
(Replacing solvent molecule)
Placed MG in total at (-27.21, 34.61, -15.37).
(Replacing solvent molecule)
Placed MG in total at (37.43, 11.69, -1.16).
(Replacing solvent molecule)
Placed MG in total at (1.32, 16.85, 1.86).

Done adding ions.
> addIons total NA 196
Adding 196 counter ions to "total" using 1A grid
Total solute charge:  -88.00  Max atom radius:   2.10
Grid extends from solute vdw + 7.05  to  13.15
Box:
   enclosing:  -70.69 -68.28 -79.78   70.99 68.67 79.84
   sized:			      185.31 187.72 176.22
   edge:        256.00
Resolution:      1.00 Angstrom.
Tree depth: 8
Volume =  1.87% of box, grid points 314315
Solvent present: replacing closest with ion
	 when steric overlaps occur
Calculating grid charges
(Replacing solvent molecule)
Placed NA in total at (-2.19, 1.26, -64.80).
(Replacing solvent molecule)
Placed NA in total at (38.25, -10.43, -17.89).
(Replacing solvent molecule)
Placed NA in total at (-20.66, 16.21, 56.37).
(Replacing solvent molecule)
Placed NA in total at (-28.06, -18.95, -28.58).
(Replacing solvent molecule)
Placed NA in total at (20.76, -5.28, -58.13).
(Replacing solvent molecule)
Placed NA in total at (-24.27, 0.68, -9.46).
(Replacing solvent molecule)
Placed NA in total at (24.20, 14.31, -3.22).
(Replacing solvent molecule)
Placed NA in total at (-20.49, 39.30, -58.08).
(Replacing solvent molecule)
Placed NA in total at (-4.81, 11.16, 62.80).
(Replacing solvent molecule)
Placed NA in total at (6.67, 20.04, -10.04).
(Replacing solvent molecule)
Placed NA in total at (-5.14, 17.32, -67.63).
(Replacing solvent molecule)
Placed NA in total at (-9.36, 28.51, 9.93).
(Replacing solvent molecule)
Placed NA in total at (-3.32, -42.20, 10.62).
(Replacing solvent molecule)
Placed NA in total at (49.33, 8.32, 20.59).
(Replacing solvent molecule)
Placed NA in total at (-34.88, 0.61, -30.51).
(Replacing solvent molecule)
Placed NA in total at (-32.83, -15.13, 40.18).
(Replacing solvent molecule)
Placed NA in total at (-3.52, 51.12, -22.43).
(Replacing solvent molecule)
Placed NA in total at (23.10, 29.56, -55.11).
(Replacing solvent molecule)
Placed NA in total at (15.67, 1.19, -11.71).
(Replacing solvent molecule)
Placed NA in total at (6.90, -8.06, -62.42).
(Replacing solvent molecule)
Placed NA in total at (7.47, 36.25, 29.09).
(Replacing solvent molecule)
Placed NA in total at (-17.42, -38.44, 15.98).
(Replacing solvent molecule)
Placed NA in total at (50.82, 0.68, -28.23).
(Replacing solvent molecule)
Placed NA in total at (-24.27, 0.68, 65.64).
(Replacing solvent molecule)
Placed NA in total at (9.39, -29.97, 4.08).
(Replacing solvent molecule)
Placed NA in total at (-3.88, 46.58, -57.95).
(Replacing solvent molecule)
Placed NA in total at (25.35, 17.42, 43.11).
(Replacing solvent molecule)
Placed NA in total at (-39.73, -33.76, 23.70).
(Replacing solvent molecule)
Placed NA in total at (-43.68, 12.56, -38.39).
(Replacing solvent molecule)
Placed NA in total at (32.41, 17.32, -48.86).
(Replacing solvent molecule)
Placed NA in total at (54.13, 1.26, 10.30).
(Replacing solvent molecule)
Placed NA in total at (-5.38, -9.38, -70.69).
(Replacing solvent molecule)
Placed NA in total at (-13.21, 39.51, 36.91).
(Replacing solvent molecule)
Placed NA in total at (-12.38, 9.73, -20.30).
(Replacing solvent molecule)
Placed NA in total at (41.15, -23.29, -10.85).
(Replacing solvent molecule)
Placed NA in total at (53.59, -10.40, 30.13).
(Replacing solvent molecule)
Placed NA in total at (-42.97, 30.53, -16.20).
(Replacing solvent molecule)
Placed NA in total at (30.57, -34.67, 16.30).
(Replacing solvent molecule)
Placed NA in total at (-29.33, -13.78, 56.54).
(Replacing solvent molecule)
Placed NA in total at (-26.12, -6.73, -3.87).
(Replacing solvent molecule)
Placed NA in total at (2.37, 30.98, 62.81).
(Replacing solvent molecule)
Placed NA in total at (-3.95, 29.54, -60.12).
(Replacing solvent molecule)
Placed NA in total at (4.92, -33.22, -60.29).
(Replacing solvent molecule)
Placed NA in total at (-9.35, -19.87, 39.16).
(Replacing solvent molecule)
Placed NA in total at (34.83, -19.73, -47.53).
(Replacing solvent molecule)
Placed NA in total at (4.83, 31.08, 13.66).
(Replacing solvent molecule)
Placed NA in total at (-44.38, 7.55, 26.97).
(Replacing solvent molecule)
Placed NA in total at (-16.21, -31.30, -36.27).
(Replacing solvent molecule)
Placed NA in total at (51.98, -10.27, -10.29).
(Replacing solvent molecule)
Placed NA in total at (19.65, 8.94, -64.27).
(Replacing solvent molecule)
Placed NA in total at (18.20, 32.86, -8.51).
(Replacing solvent molecule)
Placed NA in total at (21.74, 35.35, 50.97).
(Replacing solvent molecule)
Placed NA in total at (-39.27, 20.52, -58.08).
(Replacing solvent molecule)
Placed NA in total at (-0.09, 59.34, -46.39).
(Replacing solvent molecule)
Placed NA in total at (-31.15, 9.73, 54.80).
(Replacing solvent molecule)
Placed NA in total at (-63.30, -15.89, -2.48).
(Replacing solvent molecule)
Placed NA in total at (16.14, 38.67, -51.95).
(Replacing solvent molecule)
Placed NA in total at (30.96, -28.85, 36.00).
(Replacing solvent molecule)
Placed NA in total at (-44.08, 22.55, 20.00).
(Replacing solvent molecule)
Placed NA in total at (43.11, 18.53, -25.25).
(Replacing solvent molecule)
Placed NA in total at (-29.95, -53.81, 1.22).
(Replacing solvent molecule)
Placed NA in total at (-20.49, 44.92, 59.29).
(Replacing solvent molecule)
Placed NA in total at (-39.37, -2.43, -50.17).
(Replacing solvent molecule)
Placed NA in total at (8.72, 11.11, 60.77).
(Replacing solvent molecule)
Placed NA in total at (4.87, 10.72, 67.03).
(Replacing solvent molecule)
Placed NA in total at (21.74, -20.97, -61.67).
(Replacing solvent molecule)
Placed NA in total at (57.70, 3.80, 35.64).
(Replacing solvent molecule)
Placed NA in total at (-46.57, -5.63, 37.89).
(Replacing solvent molecule)
Placed NA in total at (-25.31, -15.00, -17.55).
(Replacing solvent molecule)
Placed NA in total at (-9.35, -37.67, 24.60).
(Replacing solvent molecule)
Placed NA in total at (-19.76, 43.54, -48.82).
(Replacing solvent molecule)
Placed NA in total at (23.56, 28.80, 24.64).
(Replacing solvent molecule)
Placed NA in total at (-28.83, -7.66, -70.65).
(Replacing solvent molecule)
Placed NA in total at (50.90, 11.76, 2.58).
(Replacing solvent molecule)
Placed NA in total at (-7.35, -63.05, -3.87).
(Replacing solvent molecule)
Placed NA in total at (-3.82, -39.34, -52.02).
(Replacing solvent molecule)
Placed NA in total at (45.76, -32.55, 18.99).
(Replacing solvent molecule)
Placed NA in total at (-36.46, -46.35, -29.70).
(Replacing solvent molecule)
Placed NA in total at (-4.67, 41.70, 48.77).
(Replacing solvent molecule)
Placed NA in total at (-18.41, -12.21, 69.26).
(Replacing solvent molecule)
Placed NA in total at (6.40, 47.28, -20.30).
(Replacing solvent molecule)
Placed NA in total at (-45.22, 14.94, -2.82).
(Replacing solvent molecule)
Placed NA in total at (46.28, 32.10, -40.99).
(Replacing solvent molecule)
Placed NA in total at (-22.70, 24.83, -69.00).
(Replacing solvent molecule)
Placed NA in total at (38.79, -19.40, -26.15).
(Replacing solvent molecule)
Placed NA in total at (-58.03, -22.32, 32.86).
(Replacing solvent molecule)
Placed NA in total at (-35.57, 39.27, 32.26).
(Replacing solvent molecule)
Placed NA in total at (2.97, -20.97, 69.75).
(Replacing solvent molecule)
Placed NA in total at (-18.55, 39.87, -18.83).
(Replacing solvent molecule)
Placed NA in total at (40.99, -1.57, -51.28).
(Replacing solvent molecule)
Placed NA in total at (-40.86, 14.12, -26.93).
(Replacing solvent molecule)
Placed NA in total at (47.89, -2.94, 40.95).
(Replacing solvent molecule)
Placed NA in total at (13.77, 55.48, -43.02).
(Replacing solvent molecule)
Placed NA in total at (-16.58, -46.58, -34.79).
(Replacing solvent molecule)
Placed NA in total at (-45.68, -36.13, 39.73).
(Replacing solvent molecule)
Placed NA in total at (-36.31, 36.93, 11.40).
(Replacing solvent molecule)
Placed NA in total at (30.55, -29.23, -16.96).
(Replacing solvent molecule)
Placed NA in total at (-11.52, 34.31, 68.54).
(Replacing solvent molecule)
Placed NA in total at (-5.78, 10.00, -63.12).
(Replacing solvent molecule)
Placed NA in total at (43.80, 17.71, 15.08).
(Replacing solvent molecule)
Placed NA in total at (21.45, -36.94, -49.29).
(Replacing solvent molecule)
Placed NA in total at (-43.33, 28.78, -44.34).
(Replacing solvent molecule)
Placed NA in total at (-20.43, -7.94, 5.66).
(Replacing solvent molecule)
Placed NA in total at (60.65, -7.99, 1.21).
(Replacing solvent molecule)
Placed NA in total at (-44.55, -48.00, -16.96).
(Replacing solvent molecule)
Placed NA in total at (-61.82, 1.60, 12.15).
(Replacing solvent molecule)
Placed NA in total at (17.87, 23.61, 56.99).
(Replacing solvent molecule)
Placed NA in total at (25.08, 45.65, -14.49).
(Replacing solvent molecule)
Placed NA in total at (-32.82, -22.90, -62.79).
(Replacing solvent molecule)
Placed NA in total at (-12.47, -29.45, 60.61).
(Replacing solvent molecule)
Placed NA in total at (15.19, -35.43, 19.01).
(Replacing solvent molecule)
Placed NA in total at (-10.56, 61.32, -37.33).
(Replacing solvent molecule)
Placed NA in total at (-12.19, -59.13, 8.08).
(Replacing solvent molecule)
Placed NA in total at (30.57, 36.42, -51.22).
(Replacing solvent molecule)
Placed NA in total at (-38.53, -12.78, -30.05).
(Replacing solvent molecule)
Placed NA in total at (-34.47, -4.20, 60.32).
(Replacing solvent molecule)
Placed NA in total at (-26.44, 33.72, 53.50).
(Replacing solvent molecule)
Placed NA in total at (21.34, 43.80, 38.82).
(Replacing solvent molecule)
Placed NA in total at (-52.01, -22.73, 1.41).
(Replacing solvent molecule)
Placed NA in total at (52.80, -5.20, -41.21).
(Replacing solvent molecule)
Placed NA in total at (57.12, -5.94, 23.10).
(Replacing solvent molecule)
Placed NA in total at (-12.09, -58.31, -17.99).
(Replacing solvent molecule)
Placed NA in total at (-5.50, -18.10, -65.78).
(Replacing solvent molecule)
Placed NA in total at (-33.61, 38.22, -59.68).
(Replacing solvent molecule)
Placed NA in total at (46.94, 7.57, -14.69).
(Replacing solvent molecule)
Placed NA in total at (-67.84, -40.79, 30.99).
(Replacing solvent molecule)
Placed NA in total at (21.68, 24.40, 10.85).
(Replacing solvent molecule)
Placed NA in total at (40.92, -20.07, 46.46).
(Replacing solvent molecule)
Placed NA in total at (8.72, 11.11, -70.65).
(Replacing solvent molecule)
Placed NA in total at (4.59, 60.21, -27.93).
(Replacing solvent molecule)
Placed NA in total at (-3.95, -8.01, 71.30).
(Replacing solvent molecule)
Placed NA in total at (-45.42, -42.13, 6.31).
(Replacing solvent molecule)
Placed NA in total at (-5.88, 38.05, 22.02).
(Replacing solvent molecule)
Placed NA in total at (57.48, -28.19, -1.78).
(Replacing solvent molecule)
Placed NA in total at (-38.60, 36.91, -22.80).
(Replacing solvent molecule)
Placed NA in total at (40.67, 45.66, -28.80).
(Replacing solvent molecule)
Placed NA in total at (-18.04, 11.79, -73.31).
(Replacing solvent molecule)
Placed NA in total at (4.87, -45.61, -45.62).
(Replacing solvent molecule)
Placed NA in total at (-13.27, 13.54, 60.94).
(Replacing solvent molecule)
Placed NA in total at (36.38, 9.07, -60.18).
(Replacing solvent molecule)
Placed NA in total at (-46.47, 4.83, -51.36).
(Replacing solvent molecule)
Placed NA in total at (24.34, -35.58, -0.64).
(Replacing solvent molecule)
Placed NA in total at (-65.34, -5.63, 37.89).
(Replacing solvent molecule)
Placed NA in total at (31.77, 28.78, -6.79).
(Replacing solvent molecule)
Placed NA in total at (-21.18, -31.00, 14.16).
(Replacing solvent molecule)
Placed NA in total at (-26.64, 51.74, 25.09).
(Replacing solvent molecule)
Placed NA in total at (51.03, -22.11, -44.46).
(Replacing solvent molecule)
Placed NA in total at (-45.27, -34.85, -42.73).
(Replacing solvent molecule)
Placed NA in total at (10.34, -21.71, 59.73).
(Replacing solvent molecule)
Placed NA in total at (67.75, -25.50, 14.90).
(Replacing solvent molecule)
Placed NA in total at (8.52, 46.61, -54.36).
(Replacing solvent molecule)
Placed NA in total at (-59.81, -43.21, -10.83).
(Replacing solvent molecule)
Placed NA in total at (-4.34, 46.05, 64.80).
(Replacing solvent molecule)
Placed NA in total at (9.98, -19.73, -62.88).
(Replacing solvent molecule)
Placed NA in total at (-24.55, 10.00, -25.57).
(Replacing solvent molecule)
Placed NA in total at (-59.67, -34.11, 46.10).
(Replacing solvent molecule)
Placed NA in total at (8.88, -56.98, -3.20).
(Replacing solvent molecule)
Placed NA in total at (-26.36, 62.05, -39.83).
(Replacing solvent molecule)
Placed NA in total at (-46.84, 18.60, 46.52).
(Replacing solvent molecule)
Placed NA in total at (-21.96, -26.25, -74.42).
(Replacing solvent molecule)
Placed NA in total at (40.41, 10.76, 31.73).
(Replacing solvent molecule)
Placed NA in total at (52.35, -32.16, 37.82).
(Replacing solvent molecule)
Placed NA in total at (-51.28, -16.84, -14.15).
(Replacing solvent molecule)
Placed NA in total at (-21.49, -19.73, 46.35).
(Replacing solvent molecule)
Placed NA in total at (55.25, 29.90, -27.63).
(Replacing solvent molecule)
Placed NA in total at (-2.72, 36.60, -9.98).
(Replacing solvent molecule)
Placed NA in total at (16.42, -60.09, -35.01).
(Replacing solvent molecule)
Placed NA in total at (18.66, -7.08, 73.93).
(Replacing solvent molecule)
Placed NA in total at (10.78, 24.73, -74.53).
(Replacing solvent molecule)
Placed NA in total at (-50.76, -46.93, 27.09).
(Replacing solvent molecule)
Placed NA in total at (-44.12, 32.37, -66.24).
(Replacing solvent molecule)
Placed NA in total at (-69.13, -14.31, 12.23).
(Replacing solvent molecule)
Placed NA in total at (-41.89, -10.27, -66.62).
(Replacing solvent molecule)
Placed NA in total at (42.42, 48.27, -45.62).
(Replacing solvent molecule)
Placed NA in total at (-22.73, 29.54, 71.30).
(Replacing solvent molecule)
Placed NA in total at (-44.38, 26.33, 8.19).
(Replacing solvent molecule)
Placed NA in total at (44.86, -40.51, 3.53).
(Replacing solvent molecule)
Placed NA in total at (33.73, 35.76, 41.85).
(Replacing solvent molecule)
Placed NA in total at (17.07, -41.09, -61.01).
(Replacing solvent molecule)
Placed NA in total at (-26.32, -63.34, -7.99).
(Replacing solvent molecule)
Placed NA in total at (-21.96, 48.85, 0.67).
(Replacing solvent molecule)
Placed NA in total at (-15.33, -1.57, 80.14).
(Replacing solvent molecule)
Placed NA in total at (45.76, -13.78, -56.10).
(Replacing solvent molecule)
Placed NA in total at (21.87, 8.62, 52.30).
(Replacing solvent molecule)
Placed NA in total at (-32.67, -25.58, -39.03).
(Replacing solvent molecule)
Placed NA in total at (11.23, 49.30, 48.33).
(Replacing solvent molecule)
Placed NA in total at (37.46, -34.53, 28.70).
(Replacing solvent molecule)
Placed NA in total at (-11.17, 58.83, -55.10).
(Replacing solvent molecule)
Placed NA in total at (34.47, -38.50, -39.77).
(Replacing solvent molecule)
Placed NA in total at (-58.96, 1.12, 23.15).
(Replacing solvent molecule)
Placed NA in total at (-57.31, -31.56, -30.05).
(Replacing solvent molecule)
Placed NA in total at (51.03, 15.44, -44.46).
(Replacing solvent molecule)
Placed NA in total at (-11.01, -31.39, 33.63).
(Replacing solvent molecule)
Placed NA in total at (-31.99, 28.17, 45.86).
(Replacing solvent molecule)
Placed NA in total at (-26.64, -60.90, -31.24).
(Replacing solvent molecule)
Placed NA in total at (-15.81, 54.13, -24.13).

Done adding ions.
> addIons total CL 108
Adding 108 counter ions to "total" using 1A grid
Total solute charge:  108.00  Max atom radius:   2.10
Grid extends from solute vdw + 12.95  to  19.05
Box:
   enclosing:  -88.18 -82.39 -93.58   86.80 81.11 99.19
   sized:			      167.82 173.61 162.42
   edge:        256.00
Resolution:      1.00 Angstrom.
Tree depth: 8
Volume =  3.13% of box, grid points 525027
Solvent present: replacing closest with ion
	 when steric overlaps occur
Calculating grid charges
(Replacing solvent molecule)
Placed CL in total at (-12.82, 50.70, -11.48).
(Replacing solvent molecule)
Placed CL in total at (-60.66, -29.05, -10.29).
(Replacing solvent molecule)
Placed CL in total at (6.68, 35.56, 0.78).
(Replacing solvent molecule)
Placed CL in total at (-32.83, 22.42, 58.96).
(Replacing solvent molecule)
Placed CL in total at (-45.22, -3.83, -21.60).
(Replacing solvent molecule)
Placed CL in total at (-23.75, -34.84, 42.18).
(Replacing solvent molecule)
Placed CL in total at (19.19, -50.06, -46.40).
(Replacing solvent molecule)
Placed CL in total at (24.28, -5.23, 60.94).
(Replacing solvent molecule)
Placed CL in total at (-42.69, -20.23, -48.86).
(Replacing solvent molecule)
Placed CL in total at (13.35, -44.57, 2.58).
(Replacing solvent molecule)
Placed CL in total at (-45.53, 27.98, 33.25).
(Replacing solvent molecule)
Placed CL in total at (-31.15, 47.28, -20.30).
(Replacing solvent molecule)
Placed CL in total at (45.36, 21.60, -8.17).
(Replacing solvent molecule)
Placed CL in total at (57.41, -27.58, 26.63).
(Replacing solvent molecule)
Placed CL in total at (-39.25, -59.86, -23.47).
(Replacing solvent molecule)
Placed CL in total at (-6.19, 7.10, -79.41).
(Replacing solvent molecule)
Placed CL in total at (-7.00, 8.32, 76.91).
(Replacing solvent molecule)
Placed CL in total at (37.92, 25.34, 31.71).
(Replacing solvent molecule)
Placed CL in total at (26.77, 50.24, -46.14).
(Replacing solvent molecule)
Placed CL in total at (40.11, -35.87, -27.66).
(Replacing solvent molecule)
Placed CL in total at (-70.03, -12.08, 25.49).
(Replacing solvent molecule)
Placed CL in total at (-15.21, 45.70, 11.39).
(Replacing solvent molecule)
Placed CL in total at (26.59, 21.60, -64.50).
(Replacing solvent molecule)
Placed CL in total at (-19.01, -39.57, -46.95).
(Replacing solvent molecule)
Placed CL in total at (-32.12, -42.01, 15.56).
(Replacing solvent molecule)
Placed CL in total at (55.49, 13.94, -31.02).
(Replacing solvent molecule)
Placed CL in total at (-55.08, 18.15, 11.40).
(Replacing solvent molecule)
Placed CL in total at (12.43, 42.47, 60.18).
(Replacing solvent molecule)
Placed CL in total at (-25.75, 55.19, -51.22).
(Replacing solvent molecule)
Placed CL in total at (34.81, -10.40, -63.74).
(Replacing solvent molecule)
Placed CL in total at (-42.22, 4.15, -63.88).
(Replacing solvent molecule)
Placed CL in total at (38.64, 9.97, 45.40).
(Replacing solvent molecule)
Placed CL in total at (-53.76, 6.25, 38.82).
(Replacing solvent molecule)
Placed CL in total at (23.50, -41.68, 31.08).
(Replacing solvent molecule)
Placed CL in total at (-10.95, -32.16, -68.01).
(Replacing solvent molecule)
Placed CL in total at (10.24, 34.37, -64.22).
(Replacing solvent molecule)
Placed CL in total at (-50.82, -42.78, -32.93).
(Replacing solvent molecule)
Placed CL in total at (1.15, 46.91, 35.77).
(Replacing solvent molecule)
Placed CL in total at (56.23, -34.53, 9.93).
(Replacing solvent molecule)
Placed CL in total at (-22.30, 13.57, 71.44).
(Replacing solvent molecule)
Placed CL in total at (-13.27, -61.55, -32.93).
(Replacing solvent molecule)
Placed CL in total at (-56.41, -34.53, 9.93).
(Replacing solvent molecule)
Placed CL in total at (17.72, 55.69, -22.80).
(Replacing solvent molecule)
Placed CL in total at (33.58, -32.16, -56.05).
(Replacing solvent molecule)
Placed CL in total at (-3.34, -34.11, 46.10).
(Replacing solvent molecule)
Placed CL in total at (-25.60, 45.10, 45.74).
(Replacing solvent molecule)
Placed CL in total at (-48.18, 30.15, -30.16).
(Replacing solvent molecule)
Placed CL in total at (50.59, -20.49, -21.61).
(Replacing solvent molecule)
Placed CL in total at (54.15, 41.34, -32.62).
(Replacing solvent molecule)
Placed CL in total at (-9.35, -19.87, 76.70).
(Replacing solvent molecule)
Placed CL in total at (18.57, -38.49, -14.45).
(Replacing solvent molecule)
Placed CL in total at (22.39, 13.19, 66.77).
(Replacing solvent molecule)
Placed CL in total at (-33.18, -19.25, -75.38).
(Replacing solvent molecule)
Placed CL in total at (-57.80, -46.17, 40.22).
(Replacing solvent molecule)
Placed CL in total at (26.08, 34.59, 3.53).
(Replacing solvent molecule)
Placed CL in total at (3.94, 56.99, -59.68).
(Replacing solvent molecule)
Placed CL in total at (52.35, 5.39, -56.05).
(Replacing solvent molecule)
Placed CL in total at (-53.77, -17.10, -27.66).
(Replacing solvent molecule)
Placed CL in total at (53.69, -17.65, 41.92).
(Replacing solvent molecule)
Placed CL in total at (14.26, -30.61, -71.48).
(Replacing solvent molecule)
Placed CL in total at (-45.54, -13.30, 49.02).
(Replacing solvent molecule)
Placed CL in total at (-45.76, 35.94, -1.27).
(Replacing solvent molecule)
Placed CL in total at (-24.15, -65.70, 4.41).
(Replacing solvent molecule)
Placed CL in total at (67.75, -6.73, 14.90).
(Replacing solvent molecule)
Placed CL in total at (-33.24, 33.59, -73.69).
(Replacing solvent molecule)
Placed CL in total at (-19.75, 42.73, 73.01).
(Replacing solvent molecule)
Placed CL in total at (-19.84, 67.45, -27.63).
(Replacing solvent molecule)
Placed CL in total at (32.74, -45.16, 6.48).
(Replacing solvent molecule)
Placed CL in total at (-70.79, -3.95, 1.41).
(Replacing solvent molecule)
Placed CL in total at (6.68, -1.99, -74.32).
(Replacing solvent molecule)
Placed CL in total at (2.36, -66.16, -13.34).
(Replacing solvent molecule)
Placed CL in total at (17.07, -22.32, 70.41).
(Replacing solvent molecule)
Placed CL in total at (42.66, 25.28, -54.06).
(Replacing solvent molecule)
Placed CL in total at (29.57, 46.75, 52.02).
(No solvent overlap)
Placed CL in total at (-23.18, -34.39, -91.58).
(Replacing solvent molecule)
Placed CL in total at (-51.99, 29.56, -55.11).
(Replacing solvent molecule)
Placed CL in total at (-10.56, -51.33, 18.99).
(Replacing solvent molecule)
Placed CL in total at (61.05, 14.65, 12.30).
(Replacing solvent molecule)
Placed CL in total at (40.22, -36.94, 44.58).
(Replacing solvent molecule)
Placed CL in total at (-70.77, -26.76, 38.76).
(Replacing solvent molecule)
Placed CL in total at (-29.56, 50.24, 10.18).
(Replacing solvent molecule)
Placed CL in total at (-51.97, -54.08, -6.75).
(Replacing solvent molecule)
Placed CL in total at (59.25, -14.38, -50.41).
(Replacing solvent molecule)
Placed CL in total at (7.60, 2.51, 76.32).
(Replacing solvent molecule)
Placed CL in total at (-8.46, 29.25, -74.76).
(Replacing solvent molecule)
Placed CL in total at (5.36, -49.23, -59.23).
(Replacing solvent molecule)
Placed CL in total at (-6.57, 69.91, -47.47).
(Replacing solvent molecule)
Placed CL in total at (-28.83, -7.66, 79.54).
(Replacing solvent molecule)
Placed CL in total at (18.86, 43.02, 22.84).
(Replacing solvent molecule)
Placed CL in total at (-22.75, -69.71, -18.50).
(Replacing solvent molecule)
Placed CL in total at (50.82, -36.87, -9.46).
(Replacing solvent molecule)
Placed CL in total at (-27.24, -27.08, 56.66).
(Replacing solvent molecule)
Placed CL in total at (2.25, 38.48, 76.11).
(Replacing solvent molecule)
Placed CL in total at (-34.62, -33.15, -50.41).
(Replacing solvent molecule)
Placed CL in total at (37.63, 43.02, -14.71).
(Replacing solvent molecule)
Placed CL in total at (-35.57, 51.04, -39.35).
(Replacing solvent molecule)
Placed CL in total at (58.99, 0.61, -11.74).
(Replacing solvent molecule)
Placed CL in total at (31.36, 25.87, 52.01).
(Replacing solvent molecule)
Placed CL in total at (-46.56, 32.01, 50.11).
(Replacing solvent molecule)
Placed CL in total at (25.08, -48.22, -33.26).
(Replacing solvent molecule)
Placed CL in total at (-54.94, 3.80, -39.45).
(Replacing solvent molecule)
Placed CL in total at (18.20, -23.46, 47.81).
(Replacing solvent molecule)
Placed CL in total at (-15.16, 50.74, -64.65).
(Replacing solvent molecule)
Placed CL in total at (-8.21, 54.71, 55.06).
(Replacing solvent molecule)
Placed CL in total at (-72.53, 6.25, 20.05).
(Replacing solvent molecule)
Placed CL in total at (-38.67, -45.49, 31.54).
(Replacing solvent molecule)
Placed CL in total at (20.76, 13.49, -76.90).
(Replacing solvent molecule)
Placed CL in total at (70.28, -20.70, 1.25).

Done adding ions.
> 
> 
> #savepdb total J97_total.pdb
> saveamberparm total J97_total.prmtop J97_total.inpcrd
Checking Unit.
Building topology.
Building atom parameters.
Building bond parameters.
Building angle parameters.
Building proper torsion parameters.
Building improper torsion parameters.
 total 7301 improper torsions applied
Building H-Bond parameters.
Incorporating Non-Bonded adjustments.
Not Marking per-residue atom chain types.
Marking per-residue atom chain types.
  (Residues lacking connect0/connect1 - 
   these don't have chain types marked:

	res	total affected

	CALA	1
	CLEU	2
	CLYS	1
	CTYR	1
	NMET	5
	WAT	93010
  )
 (no restraints)
> 
> quit
	Quit

Exiting LEaP: Errors = 0; Warnings = 0; Notes = 0.
